3,130,1,4,29
3,131,1,4,29
3,132,1,4,29
3,133,1,4,29
3,134,1,4,29
3,135,1,4,29
3,136,1,4,29
3,137,1,4,29
3,138,1,4,29
3,139,1,4,29
3,140,1,4,29
3,141,1,4,29
3,142,1,4,29
3,143,1,4,29
3,144,1,4,29
3,145,1,4,29
3,146,1,4,29
3,147,1,4,29
3,148,1,4,29
3,149,1,4,29
3,150,1,4,29
3,151,1,4,29
3,152,1,4,29
3,153,1,4,29
3,154,1,4,29
3,155,1,4,29
3,156,1,4,29
3,157,1,4,29
3,158,1,4,29
3,159,1,4,29
3,160,1,4,29
3,161,1,4,29
3,162,1,4,29
3,163,1,4,29
3,164,1,4,29
3,165,1,4,29
3,166,1,4,29
3,167,1,4,29
3,168,1,4,29
3,169,1,4,29
3,170,1,4,29
3,171,1,4,29
3,172,1,4,29
3,173,1,4,29
3,174,1,4,29
3,175,1,4,29
3,176,1,4,29
3,177,1,4,29
3,178,1,4,29
3,179,1,4,29
3,180,1,4,29
3,181,1,4,29
3,182,1,4,29
3,183,1,4,29
3,184,1,4,29
3,185,1,4,29
3,186,1,4,29
3,187,1,4,29
3,188,1,4,29
3,189,1,4,29
3,190,1,4,29
3,191,1,4,29
3,192,1,4,29
3,193,1,4,29
3,194,1,4,29
3,195,1,4,29
3,196,1,4,29
3,197,1,4,29
3,198,1,4,29
3,199,1,4,29
3,200,1,4,29
3,201,1,4,29
3,202,1,4,29
3,203,1,4,29
3,204,1,4,29
3,205,1,4,29
3,206,1,4,29
3,207,1,4,29
3,208,1,4,29
3,209,1,4,29
3,210,1,4,29
3,211,1,4,29
3,212,1,4,29
3,213,1,4,29
3,214,1,4,29
3,215,1,4,29
3,216,1,4,29
3,217,1,4,29
3,218,0,4,29
3,219,0,4,28
3,220,0,4,27
3,221,0,4,27
3,222,0,4,25
3,223,0,4,24
3,224,0,4,22
3,225,0,4,20
3,226,0,4,18
3,227,0,4,16
3,228,0,4,13
3,229,0,4,10
3,230,0,4,8
3,231,0,4,5
3,232,0,4,2
3,233,0,3,254
3,234,0,3,251
3,235,0,3,248
3,236,0,3,244
3,237,0,3,241
3,238,0,3,237
3,239,0,3,233
3,240,0,3,230
3,241,0,3,226
3,242,0,3,222
3,243,0,3,219
3,244,0,3,215
3,245,0,3,212
3,246,0,3,208
3,247,0,3,205
3,248,0,3,202
3,249,0,3,199
3,250,0,3,196
3,251,0,3,194
3,252,0,3,191
3,253,0,3,189
3,254,0,3,187
3,255,0,3,185
4,0,0,3,183
4,1,0,3,182
4,2,0,3,181
4,3,0,3,180
4,4,0,3,179
4,5,0,3,179
4,6,0,3,178
4,7,0,3,178
4,8,1,3,178
4,9,1,3,179
4,10,1,3,180
4,11,1,3,181
4,12,1,3,182
4,13,1,3,183
4,14,1,3,185
4,15,1,3,187
4,16,1,3,189
4,17,1,3,191
4,18,1,3,193
4,19,1,3,196
4,20,1,3,199
4,21,1,3,202
4,22,1,3,205
4,23,1,3,208
4,24,1,3,211
4,25,1,3,215
4,26,1,3,218
4,27,1,3,222
4,28,1,3,225
4,29,1,3,229
4,30,1,3,232
4,31,1,3,236
4,32,1,3,240
4,33,1,3,243
4,34,1,3,247
4,35,1,3,250
4,36,1,3,253
4,37,1,4,1
4,38,1,4,4
4,39,1,4,7
4,40,1,4,9
4,41,1,4,12
4,42,1,4,15
4,43,1,4,17
4,44,1,4,19
4,45,1,4,21
4,46,1,4,23
4,47,1,4,24
4,48,1,4,25
4,49,1,4,26
4,50,1,4,27
4,51,1,4,28
4,52,1,4,28
4,53,1,4,28
4,54,1,4,28
4,55,0,4,28
4,56,0,4,27
4,57,0,4,26
4,58,0,4,25
4,59,0,4,24
4,60,0,4,22
4,61,0,4,21
4,62,0,4,19
4,63,0,4,17
4,64,0,4,14
4,65,0,4,12
4,66,0,4,9
4,67,0,4,6
4,68,0,4,3
4,69,0,4,0
4,70,0,3,253
4,71,0,3,250
4,72,0,3,246
4,73,0,3,243
4,74,0,3,240
4,75,0,3,236
4,76,0,3,232
4,77,0,3,229
4,78,0,3,225
4,79,0,3,222
4,80,0,3,218
4,81,0,3,215
4,82,0,3,212
4,83,0,3,208
4,84,0,3,205
4,85,0,3,202
4,86,0,3,199
4,87,0,3,197
4,88,0,3,194
4,89,0,3,192
4,90,0,3,189
4,91,0,3,187
4,92,0,3,186
4,93,0,3,184
4,94,0,3,183
4,95,0,3,182
4,96,0,3,181
4,97,0,3,180
4,98,0,3,180
4,99,0,3,179
4,100,1,3,179
4,101,1,3,180
4,102,1,3,180
4,103,1,3,181
4,104,1,3,182
4,105,1,3,183
4,106,1,3,184
4,107,1,3,186
4,108,1,3,188
4,109,1,3,190
4,110,1,3,192
4,111,1,3,195
4,112,1,3,197
4,113,1,3,200
4,114,1,3,203
4,115,1,3,206
4,116,1,3,209
4,117,1,3,213
4,118,1,3,216
4,119,1,3,219
4,120,1,3,223
4,121,1,3,226
4,122,1,3,230
4,123,1,3,233
4,124,1,3,237
4,125,1,3,240
4,126,1,3,244
4,127,1,3,247
4,128,1,3,251
4,129,1,3,254
4,130,1,4,1
4,131,1,4,4
4,132,1,4,7
4,133,1,4,10
4,134,1,4,12
4,135,1,4,15
4,136,1,4,17
4,137,1,4,19
4,138,1,4,21
4,139,1,4,22
4,140,1,4,24
4,141,1,4,25
4,142,1,4,26
4,143,1,4,26
4,144,1,4,27
4,145,1,4,27
4,146,1,4,27
4,147,1,4,27
4,148,0,4,27
4,149,0,4,26
4,150,0,4,25
4,151,0,4,24
4,152,0,4,22
4,153,0,4,21
4,154,0,4,19
4,155,0,4,17
4,156,0,4,15
4,157,0,4,13
4,158,0,4,10
4,159,0,4,7
4,160,0,4,4
4,161,0,4,2
4,162,0,3,254
4,163,0,3,251
4,164,0,3,248
4,165,0,3,245
4,166,0,3,241
4,167,0,3,238
4,168,0,3,234
4,169,0,3,231
4,170,0,3,227
4,171,0,3,224
4,172,0,3,220
4,173,0,3,217
4,174,0,3,213
4,175,0,3,210
4,176,0,3,207
4,177,0,3,204
4,178,0,3,201
4,179,0,3,198
4,180,0,3,196
4,181,0,3,193
4,182,0,3,191
4,183,0,3,189
4,184,0,3,187
4,185,0,3,186
4,186,0,3,184
4,187,0,3,183
4,188,0,3,182
4,189,0,3,181
4,190,0,3,181
4,191,0,3,180
4,192,0,3,180
4,193,1,3,180
4,194,1,3,181
4,195,1,3,181
4,196,1,3,182
4,197,1,3,183
4,198,1,3,185
4,199,1,3,186
4,200,1,3,188
4,201,1,3,190
4,202,1,3,192
4,203,1,3,194
4,204,1,3,197
4,205,1,3,200
4,206,1,3,202
4,207,1,3,205
4,208,1,3,208
4,209,1,3,212
4,210,1,3,215
4,211,1,3,218
4,212,1,3,222
4,213,1,3,225
4,214,1,3,228
4,215,1,3,232
4,216,1,3,235
4,217,1,3,239
4,218,1,3,242
4,219,1,3,246
4,220,1,3,249
4,221,1,3,252
4,222,1,3,255
4,223,1,4,2
4,224,1,4,5
4,225,1,4,8
4,226,1,4,11
4,227,1,4,13
4,228,1,4,15
4,229,1,4,17
4,230,1,4,19
4,231,1,4,21
4,232,1,4,22
4,233,1,4,23
4,234,1,4,24
4,235,1,4,25
4,236,1,4,26
4,237,1,4,26
4,238,1,4,26
4,239,1,4,26
4,240,0,4,26
4,241,0,4,25
4,242,0,4,24
4,243,0,4,23
4,244,0,4,22
4,245,0,4,21
4,246,0,4,19
4,247,0,4,17
4,248,0,4,15
4,249,0,4,13
4,250,0,4,10
4,251,0,4,8
4,252,0,4,5
4,253,0,4,2
4,254,0,3,255
4,255,0,3,252
5,0,0,3,249
5,1,0,3,246
5,2,0,3,242
5,3,0,3,239
5,4,0,3,236
5,5,0,3,232
5,6,0,3,229
5,7,0,3,225
5,8,0,3,222
5,9,0,3,219
5,10,0,3,215
5,11,0,3,212
5,12,0,3,209
5,13,0,3,206
5,14,0,3,203
5,15,0,3,200
5,16,0,3,198
5,17,0,3,195
5,18,0,3,193
5,19,0,3,191
5,20,0,3,189
5,21,0,3,187
5,22,0,3,186
5,23,0,3,184
5,24,0,3,183
5,25,0,3,182
5,26,0,3,182
5,27,0,3,181
5,28,0,3,181
5,29,1,3,181
5,30,1,3,182
5,31,1,3,182
5,32,1,3,183
5,33,1,3,184
5,34,1,3,185
5,35,1,3,186
5,36,1,3,188
5,37,1,3,190
5,38,1,3,192
5,39,1,3,194
5,40,1,3,196
5,41,1,3,199
5,42,1,3,201
5,43,1,3,204
5,44,1,3,207
5,45,1,3,210
5,46,1,3,213
5,47,1,3,216
5,48,1,3,220
5,49,1,3,223
5,50,1,3,226
5,51,1,3,230
5,52,1,3,233
5,53,1,3,237
5,54,1,3,240
5,55,1,3,243
5,56,1,3,247
5,57,1,3,250
5,58,1,3,253
5,59,1,4,0
5,60,1,4,3
5,61,1,4,6
5,62,1,4,8
5,63,1,4,11
5,64,1,4,13
5,65,1,4,15
5,66,1,4,17
5,67,1,4,19
5,68,1,4,20
5,69,1,4,22
5,70,1,4,23
5,71,1,4,24
5,72,1,4,24
5,73,1,4,25
5,74,1,4,25
5,75,1,4,25
5,76,1,4,25
5,77,0,4,25
5,78,0,4,24
5,79,0,4,23
5,80,0,4,22
5,81,0,4,21
5,82,0,4,19
5,83,0,4,18
5,84,0,4,16
5,85,0,4,14
5,86,0,4,11
5,87,0,4,9
5,88,0,4,6
5,89,0,4,4
5,90,0,4,1
5,91,0,3,254
5,92,0,3,251
5,93,0,3,248
5,94,0,3,245
5,95,0,3,241
5,96,0,3,238
5,97,0,3,235
5,98,0,3,231
5,99,0,3,228
5,100,0,3,225
5,101,0,3,221
5,102,0,3,218
5,103,0,3,215
5,104,0,3,212
5,105,0,3,209
5,106,0,3,206
5,107,0,3,203
5,108,0,3,200
5,109,0,3,198
5,110,0,3,195
5,111,0,3,193
5,112,0,3,191
5,113,0,3,189
5,114,0,3,188
5,115,0,3,186
5,116,0,3,185
5,117,0,3,184
5,118,0,3,183
5,119,0,3,183
5,120,0,3,182
5,121,0,3,182
5,122,1,3,182
5,123,1,3,183
5,124,1,3,183
5,125,1,3,184
5,126,1,3,185
5,127,1,3,186
5,128,1,3,188
5,129,1,3,189
5,130,1,3,191
5,131,1,3,193
5,132,1,3,196
5,133,1,3,198
5,134,1,3,200
5,135,1,3,203
5,136,1,3,206
5,137,1,3,209
5,138,1,3,212
5,139,1,3,215
5,140,1,3,218
5,141,1,3,221
5,142,1,3,225
5,143,1,3,228
5,144,1,3,231
5,145,1,3,235
5,146,1,3,238
5,147,1,3,241
5,148,1,3,245
5,149,1,3,248
5,150,1,3,251
5,151,1,3,254
5,152,1,4,1
5,153,1,4,4
5,154,1,4,6
5,155,1,4,9
5,156,1,4,11
5,157,1,4,13
5,158,1,4,15
5,159,1,4,17
5,160,1,4,19
5,161,1,4,20
5,162,1,4,21
5,163,1,4,22
5,164,1,4,23
5,165,1,4,24
5,166,1,4,24
5,167,1,4,24
5,168,1,4,24
5,169,0,4,24
5,170,0,4,23
5,171,0,4,23
5,172,0,4,22
5,173,0,4,21
5,174,0,4,19
5,175,0,4,18
5,176,0,4,16
5,177,0,4,14
5,178,0,4,12
5,179,0,4,9
5,180,0,4,7
5,181,0,4,4
5,182,0,4,2
5,183,0,3,255
5,184,0,3,252
5,185,0,3,249
5,186,0,3,246
5,187,0,3,242
5,188,0,3,239
5,189,0,3,236
5,190,0,3,232
5,191,0,3,229
5,192,0,3,226
5,193,0,3,223
5,194,0,3,219
5,195,0,3,216
5,196,0,3,213
5,197,0,3,210
5,198,0,3,207
5,199,0,3,204
5,200,0,3,202
5,201,0,3,199
5,202,0,3,197
5,203,0,3,195
5,204,0,3,192
5,205,0,3,191
5,206,0,3,189
5,207,0,3,188
5,208,0,3,186
5,209,0,3,185
5,210,0,3,184
5,211,0,3,184
5,212,0,3,183
5,213,0,3,183
5,214,0,3,183
5,215,1,3,183
5,216,1,3,184
5,217,1,3,185
5,218,1,3,186
5,219,1,3,187
5,220,1,3,188
5,221,1,3,190
5,222,1,3,191
5,223,1,3,193
5,224,1,3,196
5,225,1,3,198
5,226,1,3,200
5,227,1,3,203
5,228,1,3,206
5,229,1,3,208
5,230,1,3,211
5,231,1,3,214
5,232,1,3,217
5,233,1,3,221
5,234,1,3,224
5,235,1,3,227
5,236,1,3,230
5,237,1,3,234
5,238,1,3,237
5,239,1,3,240
5,240,1,3,243
5,241,1,3,247
5,242,1,3,250
5,243,1,3,253
5,244,1,3,255
5,245,1,4,2
5,246,1,4,5
5,247,1,4,7
5,248,1,4,10
5,249,1,4,12
5,250,1,4,14
5,251,1,4,16
5,252,1,4,17
5,253,1,4,19
5,254,1,4,20
5,255,1,4,21
6,0,1,4,22
6,1,1,4,23
6,2,1,4,23
6,3,1,4,23
6,4,1,4,23
6,5,1,4,23
6,6,0,4,23
6,7,0,4,22
6,8,0,4,21
6,9,0,4,20
6,10,0,4,19
6,11,0,4,17
6,12,0,4,16
6,13,0,4,14
6,14,0,4,12
6,15,0,4,10
6,16,0,4,7
6,17,0,4,5
6,18,0,4,2
6,19,0,3,255
6,20,0,3,253
6,21,0,3,250
6,22,0,3,247
6,23,0,3,243
6,24,0,3,240
6,25,0,3,237
6,26,0,3,234
6,27,0,3,231
6,28,0,3,227
6,29,0,3,224
6,30,0,3,221
6,31,0,3,218
6,32,0,3,215
6,33,0,3,212
6,34,0,3,209
6,35,0,3,206
6,36,0,3,203
6,37,0,3,201
6,38,0,3,199
6,39,0,3,196
6,40,0,3,194
6,41,0,3,192
6,42,0,3,191
6,43,0,3,189
6,44,0,3,188
6,45,0,3,187
6,46,0,3,186
6,47,0,3,185
6,48,0,3,185
6,49,0,3,184
6,50,0,3,184
6,51,1,3,184
6,52,1,3,185
6,53,1,3,185
6,54,1,3,186
6,55,1,3,187
6,56,1,3,188
6,57,1,3,190
6,58,1,3,191
6,59,1,3,193
6,60,1,3,195
6,61,1,3,197
6,62,1,3,199
6,63,1,3,202
6,64,1,3,204
6,65,1,3,207
6,66,1,3,210
6,67,1,3,213
6,68,1,3,216
6,69,1,3,219
6,70,1,3,222
6,71,1,3,225
6,72,1,3,228
6,73,1,3,232
6,74,1,3,235
6,75,1,3,238
6,76,1,3,241
6,77,1,3,244
6,78,1,3,247
6,79,1,3,250
6,80,1,3,253
6,81,1,4,0
6,82,1,4,3
6,83,1,4,5
6,84,1,4,8
6,85,1,4,10
6,86,1,4,12
6,87,1,4,14
6,88,1,4,16
6,89,1,4,17
6,90,1,4,18
6,91,1,4,20
6,92,1,4,21
6,93,1,4,21
6,94,1,4,22
6,95,1,4,22
6,96,1,4,22
6,97,1,4,22
6,98,1,4,22
6,99,0,4,22
6,100,0,4,21
6,101,0,4,20
6,102,0,4,19
6,103,0,4,17
6,104,0,4,16
6,105,0,4,14
6,106,0,4,12
6,107,0,4,10
6,108,0,4,8
6,109,0,4,6
6,110,0,4,3
6,111,0,4,1
6,112,0,3,254
6,113,0,3,251
6,114,0,3,248
6,115,0,3,245
6,116,0,3,242
6,117,0,3,239
6,118,0,3,236
6,119,0,3,232
6,120,0,3,229
6,121,0,3,226
6,122,0,3,223
6,123,0,3,220
6,124,0,3,217
6,125,0,3,214
6,126,0,3,211
6,127,0,3,208
6,128,0,3,205
6,129,0,3,203
6,130,0,3,200
6,131,0,3,198
6,132,0,3,196
6,133,0,3,194
6,134,0,3,192
6,135,0,3,191
6,136,0,3,189
6,137,0,3,188
6,138,0,3,187
6,139,0,3,186
6,140,0,3,186
6,141,0,3,185
6,142,0,3,185
6,143,0,3,185
6,144,1,3,185
6,145,1,3,186
6,146,1,3,187
6,147,1,3,187
6,148,1,3,189
6,149,1,3,190
6,150,1,3,191
6,151,1,3,193
6,152,1,3,195
6,153,1,3,197
6,154,1,3,199
6,155,1,3,201
6,156,1,3,204
6,157,1,3,206
6,158,1,3,209
6,159,1,3,212
6,160,1,3,215
6,161,1,3,218
6,162,1,3,221
6,163,1,3,224
6,164,1,3,227
6,165,1,3,230
6,166,1,3,234
6,167,1,3,237
6,168,1,3,240
6,169,1,3,243
6,170,1,3,246
6,171,1,3,249
6,172,1,3,252
6,173,1,3,254
6,174,1,4,1
6,175,1,4,4
6,176,1,4,6
6,177,1,4,8
6,178,1,4,10
6,179,1,4,12
6,180,1,4,14
6,181,1,4,16
6,182,1,4,17
6,183,1,4,18
6,184,1,4,19
6,185,1,4,20
6,186,1,4,21
6,187,1,4,21
6,188,1,4,21
6,189,1,4,21
6,190,1,4,21
6,191,0,4,21
6,192,0,4,20
6,193,0,4,19
6,194,0,4,18
6,195,0,4,17
6,196,0,4,16
6,197,0,4,14
6,198,0,4,12
6,199,0,4,10
6,200,0,4,8
6,201,0,4,6
6,202,0,4,3
6,203,0,4,1
6,204,0,3,254
6,205,0,3,251
6,206,0,3,249
6,207,0,3,246
6,208,0,3,243
6,209,0,3,240
6,210,0,3,236
6,211,0,3,233
6,212,0,3,230
6,213,0,3,227
6,214,0,3,224
6,215,0,3,221
6,216,0,3,218
6,217,0,3,215
6,218,0,3,212
6,219,0,3,209
6,220,0,3,207
6,221,0,3,204
6,222,0,3,202
6,223,0,3,199
6,224,0,3,197
6,225,0,3,195
6,226,0,3,194
6,227,0,3,192
6,228,0,3,191
6,229,0,3,189
6,230,0,3,188
6,231,0,3,187
6,232,0,3,187
6,233,0,3,186
6,234,0,3,186
6,235,0,3,186
6,236,1,3,186
6,237,1,3,187
6,238,1,3,187
6,239,1,3,188
6,240,1,3,189
6,241,1,3,190
6,242,1,3,192
6,243,1,3,193
6,244,1,3,195
6,245,1,3,197
6,246,1,3,199
6,247,1,3,201
6,248,1,3,204
6,249,1,3,206
6,250,1,3,209
6,251,1,3,212
6,252,1,3,215
6,253,1,3,217
6,254,1,3,220
6,255,1,3,223
7,0,1,3,226
7,1,1,3,230
7,2,1,3,233
7,3,1,3,236
7,4,1,3,239
7,5,1,3,242
7,6,1,3,245
7,7,1,3,248
7,8,1,3,250
7,9,1,3,253
7,10,1,4,0
7,11,1,4,2
7,12,1,4,5
7,13,1,4,7
7,14,1,4,9
7,15,1,4,11
7,16,1,4,13
7,17,1,4,14
7,18,1,4,16
7,19,1,4,17
7,20,1,4,18
7,21,1,4,19
7,22,1,4,20
7,23,1,4,20
7,24,1,4,20
7,25,1,4,20
7,26,1,4,20
7,27,1,4,20
7,28,0,4,19
7,29,0,4,19
7,30,0,4,18
7,31,0,4,17
7,32,0,4,15
7,33,0,4,14
7,34,0,4,12
7,35,0,4,10
7,36,0,4,8
7,37,0,4,6
7,38,0,4,4
7,39,0,4,1
7,40,0,3,255
7,41,0,3,252
7,42,0,3,249
7,43,0,3,247
7,44,0,3,244
7,45,0,3,241
7,46,0,3,238
7,47,0,3,235
7,48,0,3,232
7,49,0,3,229
7,50,0,3,226
7,51,0,3,223
7,52,0,3,220
7,53,0,3,217
7,54,0,3,214
7,55,0,3,211
7,56,0,3,209
7,57,0,3,206
7,58,0,3,204
7,59,0,3,201
7,60,0,3,199
7,61,0,3,197
7,62,0,3,195
7,63,0,3,194
7,64,0,3,192
7,65,0,3,191
7,66,0,3,190
7,67,0,3,189
7,68,0,3,188
7,69,0,3,188
7,70,0,3,187
7,71,0,3,187
7,72,0,3,187
7,73,1,3,187
7,74,1,3,188
7,75,1,3,189
7,76,1,3,189
7,77,1,3,190
7,78,1,3,192
7,79,1,3,193
7,80,1,3,195
7,81,1,3,197
7,82,1,3,199
7,83,1,3,201
7,84,1,3,203
7,85,1,3,205
7,86,1,3,208
7,87,1,3,210
7,88,1,3,213
7,89,1,3,216
7,90,1,3,219
7,91,1,3,222
7,92,1,3,225
7,93,1,3,228
7,94,1,3,231
7,95,1,3,234
7,96,1,3,237
7,97,1,3,240
7,98,1,3,243
7,99,1,3,245
7,100,1,3,248
7,101,1,3,251
7,102,1,3,254
7,103,1,4,0
7,104,1,4,3
7,105,1,4,5
7,106,1,4,7
7,107,1,4,9
7,108,1,4,11
7,109,1,4,13
7,110,1,4,14
7,111,1,4,15
7,112,1,4,17
7,113,1,4,18
7,114,1,4,18
7,115,1,4,19
7,116,1,4,19
7,117,1,4,19
7,118,0,4,20
7,119,0,4,19
7,120,0,4,19
7,121,0,4,18
7,122,0,4,17
7,123,0,4,16
7,124,0,4,15
7,125,0,4,14
7,126,0,4,12
7,127,0,4,10
7,128,0,4,9
7,129,0,4,7
7,130,0,4,4
7,131,0,4,2
7,132,0,4,0
7,133,0,3,253
7,134,0,3,250
7,135,0,3,248
7,136,0,3,245
7,137,0,3,242
7,138,0,3,239
7,139,0,3,236
7,140,0,3,233
7,141,0,3,230
7,142,0,3,227
7,143,0,3,224
7,144,0,3,221
7,145,0,3,218
7,146,0,3,215
7,147,0,3,213
7,148,0,3,210
7,149,0,3,208
7,150,0,3,205
7,151,0,3,203
7,152,0,3,201
7,153,0,3,199
7,154,0,3,197
7,155,0,3,195
7,156,0,3,194
7,157,0,3,192
7,158,0,3,191
7,159,0,3,190
7,160,0,3,189
7,161,0,3,189
7,162,0,3,188
7,163,0,3,188
7,164,0,3,188
7,165,1,3,188
7,166,1,3,189
7,167,1,3,189
7,168,1,3,190
7,169,1,3,191
7,170,1,3,192
7,171,1,3,194
7,172,1,3,195
7,173,1,3,197
7,174,1,3,199
7,175,1,3,201
7,176,1,3,203
7,177,1,3,205
7,178,1,3,208
7,179,1,3,210
7,180,1,3,213
7,181,1,3,215
7,182,1,3,218
7,183,1,3,221
7,184,1,3,224
7,185,1,3,227
7,186,1,3,230
7,187,1,3,233
7,188,1,3,236
7,189,1,3,239
7,190,1,3,242
7,191,1,3,244
7,192,1,3,247
7,193,1,3,250
7,194,1,3,253
7,195,1,3,255
7,196,1,4,2
7,197,1,4,4
7,198,1,4,6
7,199,1,4,8
7,200,1,4,10
7,201,1,4,11
7,202,1,4,13
7,203,1,4,14
7,204,1,4,16
7,205,1,4,17
7,206,1,4,17
7,207,1,4,18
7,208,1,4,18
7,209,1,4,19
7,210,0,4,19
7,211,0,4,18
7,212,0,4,18
7,213,0,4,17
7,214,0,4,17
7,215,0,4,16
7,216,0,4,15
7,217,0,4,13
7,218,0,4,12
7,219,0,4,10
7,220,0,4,8
7,221,0,4,6
7,222,0,4,4
7,223,0,4,2
7,224,0,4,0
7,225,0,3,253
7,226,0,3,251
7,227,0,3,248
7,228,0,3,245
7,229,0,3,242
7,230,0,3,239
7,231,0,3,237
7,232,0,3,234
7,233,0,3,231
7,234,0,3,228
7,235,0,3,225
7,236,0,3,222
7,237,0,3,219
7,238,0,3,216
7,239,0,3,214
7,240,0,3,211
7,241,0,3,209
7,242,0,3,206
7,243,0,3,204
7,244,0,3,202
7,245,0,3,200
7,246,0,3,198
7,247,0,3,196
7,248,0,3,195
7,249,0,3,193
7,250,0,3,192
7,251,0,3,191
7,252,0,3,190
7,253,0,3,190
7,254,0,3,189
7,255,0,3,189
8,0,0,3,189
8,1,0,3,189
8,2,1,3,189
8,3,1,3,190
8,4,1,3,191
8,5,1,3,192
8,6,1,3,193
8,7,1,3,194
8,8,1,3,195
8,9,1,3,197
8,10,1,3,199
8,11,1,3,201
8,12,1,3,203
8,13,1,3,205
8,14,1,3,207
8,15,1,3,210
8,16,1,3,212
8,17,1,3,215
8,18,1,3,218
8,19,1,3,220
8,20,1,3,223
8,21,1,3,226
8,22,1,3,229
8,23,1,3,232
8,24,1,3,235
8,25,1,3,238
8,26,1,3,240
8,27,1,3,243
8,28,1,3,246
8,29,1,3,249
8,30,1,3,251
8,31,1,3,254
8,32,1,4,0
8,33,1,4,2
8,34,1,4,4
8,35,1,4,6
8,36,1,4,8
8,37,1,4,10
8,38,1,4,12
8,39,1,4,13
8,40,1,4,14
8,41,1,4,15
8,42,1,4,16
8,43,1,4,17
8,44,1,4,17
8,45,1,4,18
8,46,1,4,18
8,47,0,4,18
8,48,0,4,17
8,49,0,4,17
8,50,0,4,16
8,51,0,4,15
8,52,0,4,14
8,53,0,4,13
8,54,0,4,12
8,55,0,4,10
8,56,0,4,8
8,57,0,4,7
8,58,0,4,5
8,59,0,4,2
8,60,0,4,0
8,61,0,3,254
8,62,0,3,251
8,63,0,3,249
8,64,0,3,246
8,65,0,3,243
8,66,0,3,241
8,67,0,3,238
8,68,0,3,235
8,69,0,3,232
8,70,0,3,229
8,71,0,3,227
8,72,0,3,224
8,73,0,3,221
8,74,0,3,218
8,75,0,3,216
8,76,0,3,213
8,77,0,3,210
8,78,0,3,208
8,79,0,3,206
8,80,0,3,204
8,81,0,3,202
8,82,0,3,200
8,83,0,3,198
8,84,0,3,196
8,85,0,3,195
8,86,0,3,194
8,87,0,3,193
8,88,0,3,192
8,89,0,3,191
8,90,0,3,190
8,91,0,3,190
8,92,0,3,190
8,93,0,3,190
8,94,1,3,190
8,95,1,3,191
8,96,1,3,191
8,97,1,3,192
8,98,1,3,193
8,99,1,3,194
8,100,1,3,195
8,101,1,3,197
8,102,1,3,199
8,103,1,3,200
8,104,1,3,202
8,105,1,3,204
8,106,1,3,207
8,107,1,3,209
8,108,1,3,211
8,109,1,3,214
8,110,1,3,217
8,111,1,3,219
8,112,1,3,222
8,113,1,3,225
8,114,1,3,228
8,115,1,3,230
8,116,1,3,233
8,117,1,3,236
8,118,1,3,239
8,119,1,3,242
8,120,1,3,244
8,121,1,3,247
8,122,1,3,250
8,123,1,3,252
8,124,1,3,255
8,125,1,4,1
8,126,1,4,3
8,127,1,4,5
8,128,1,4,7
8,129,1,4,9
8,130,1,4,10
8,131,1,4,12
8,132,1,4,13
8,133,1,4,14
8,134,1,4,15
8,135,1,4,16
8,136,1,4,16
8,137,1,4,16
8,138,1,4,17
8,139,1,4,17
8,140,0,4,16
8,141,0,4,16
8,142,0,4,16
8,143,0,4,15
8,144,0,4,14
8,145,0,4,13
8,146,0,4,11
8,147,0,4,10
8,148,0,4,8
8,149,0,4,6
8,150,0,4,5
8,151,0,4,3
8,152,0,4,0
8,153,0,3,254
8,154,0,3,252
8,155,0,3,249
8,156,0,3,247
8,157,0,3,244
8,158,0,3,241
8,159,0,3,239
8,160,0,3,236
8,161,0,3,233
8,162,0,3,230
8,163,0,3,227
8,164,0,3,225
8,165,0,3,222
8,166,0,3,219
8,167,0,3,217
8,168,0,3,214
8,169,0,3,212
8,170,0,3,209
8,171,0,3,207
8,172,0,3,205
8,173,0,3,203
8,174,0,3,201
8,175,0,3,199
8,176,0,3,197
8,177,0,3,196
8,178,0,3,195
8,179,0,3,194
8,180,0,3,193
8,181,0,3,192
8,182,0,3,191
8,183,0,3,191
8,184,0,3,191
8,185,0,3,191
8,186,0,3,191
8,187,1,3,191
8,188,1,3,192
8,189,1,3,193
8,190,1,3,194
8,191,1,3,195
8,192,1,3,196
8,193,1,3,197
8,194,1,3,199
8,195,1,3,201
8,196,1,3,203
8,197,1,3,205
8,198,1,3,207
8,199,1,3,209
8,200,1,3,212
8,201,1,3,214
8,202,1,3,217
8,203,1,3,219
8,204,1,3,222
8,205,1,3,225
8,206,1,3,227
8,207,1,3,230
8,208,1,3,233
8,209,1,3,236
8,210,1,3,238
8,211,1,3,241
8,212,1,3,244
8,213,1,3,246
8,214,1,3,249
8,215,1,3,251
8,216,1,3,254
8,217,1,4,0
8,218,1,4,2
8,219,1,4,4
8,220,1,4,6
8,221,1,4,8
8,222,1,4,9
8,223,1,4,11
8,224,1,4,12
8,225,1,4,13
8,226,1,4,14
8,227,1,4,15
8,228,1,4,15
8,229,1,4,16
8,230,1,4,16
8,231,1,4,16
8,232,0,4,16
8,233,0,4,15
8,234,0,4,15
8,235,0,4,14
8,236,0,4,13
8,237,0,4,12
8,238,0,4,11
8,239,0,4,9
8,240,0,4,8
8,241,0,4,6
8,242,0,4,4
8,243,0,4,2
8,244,0,4,0
8,245,0,3,254
8,246,0,3,252
8,247,0,3,249
8,248,0,3,247
8,249,0,3,244
8,250,0,3,242
8,251,0,3,239
8,252,0,3,236
8,253,0,3,233
8,254,0,3,231
8,255,0,3,228
9,0,0,3,225
9,1,0,3,223
9,2,0,3,220
9,3,0,3,217
9,4,0,3,215
9,5,0,3,212
9,6,0,3,210
9,7,0,3,208
9,8,0,3,206
9,9,0,3,204
9,10,0,3,202
9,11,0,3,200
9,12,0,3,199
9,13,0,3,197
9,14,0,3,196
9,15,0,3,195
9,16,0,3,194
9,17,0,3,193
9,18,0,3,192
9,19,0,3,192
9,20,0,3,192
9,21,0,3,192
9,22,0,3,192
9,23,1,3,192
9,24,1,3,193
9,25,1,3,193
9,26,1,3,194
9,27,1,3,195
9,28,1,3,196
9,29,1,3,198
9,30,1,3,199
9,31,1,3,201
9,32,1,3,203
9,33,1,3,205
9,34,1,3,207
9,35,1,3,209
9,36,1,3,211
9,37,1,3,214
9,38,1,3,216
9,39,1,3,218
9,40,1,3,221
9,41,1,3,224
9,42,1,3,226
9,43,1,3,229
9,44,1,3,232
9,45,1,3,234
9,46,1,3,237
9,47,1,3,240
9,48,1,3,242
9,49,1,3,245
9,50,1,3,247
9,51,1,3,250
9,52,1,3,252
9,53,1,3,254
9,54,1,4,1
9,55,1,4,3
9,56,1,4,4
9,57,1,4,6
9,58,1,4,8
9,59,1,4,9
9,60,1,4,10
9,61,1,4,12
9,62,1,4,13
9,63,1,4,13
9,64,1,4,14
9,65,1,4,14
9,66,1,4,15
9,67,1,4,15
9,68,1,4,15
9,69,0,4,15
9,70,0,4,14
9,71,0,4,13
9,72,0,4,13
9,73,0,4,12
9,74,0,4,11
9,75,0,4,9
9,76,0,4,8
9,77,0,4,6
9,78,0,4,5
9,79,0,4,3
9,80,0,4,1
9,81,0,3,255
9,82,0,3,252
9,83,0,3,250
9,84,0,3,248
9,85,0,3,245
9,86,0,3,243
9,87,0,3,240
9,88,0,3,237
9,89,0,3,235
9,90,0,3,232
9,91,0,3,230
9,92,0,3,227
9,93,0,3,224
9,94,0,3,222
9,95,0,3,219
9,96,0,3,217
9,97,0,3,214
9,98,0,3,212
9,99,0,3,210
9,100,0,3,207
9,101,0,3,205
9,102,0,3,204
9,103,0,3,202
9,104,0,3,200
9,105,0,3,199
9,106,0,3,197
9,107,0,3,196
9,108,0,3,195
9,109,0,3,194
9,110,0,3,194
9,111,0,3,193
9,112,0,3,193
9,113,0,3,193
9,114,0,3,193
9,115,0,3,193
9,116,1,3,193
9,117,1,3,194
9,118,1,3,195
9,119,1,3,196
9,120,1,3,197
9,121,1,3,198
9,122,1,3,199
9,123,1,3,201
9,124,1,3,203
9,125,1,3,205
9,126,1,3,206
9,127,1,3,209
9,128,1,3,211
9,129,1,3,213
9,130,1,3,215
9,131,1,3,218
9,132,1,3,220
9,133,1,3,223
9,134,1,3,226
9,135,1,3,228
9,136,1,3,231
9,137,1,3,233
9,138,1,3,236
9,139,1,3,239
9,140,1,3,241
9,141,1,3,244
9,142,1,3,246
9,143,1,3,249
9,144,1,3,251
9,145,1,3,253
9,146,1,3,255
9,147,1,4,1
9,148,1,4,3
9,149,1,4,5
9,150,1,4,7
9,151,1,4,8
9,152,1,4,9
9,153,1,4,10
9,154,1,4,11
9,155,1,4,12
9,156,1,4,13
9,157,1,4,13
9,158,1,4,14
9,159,1,4,14
9,160,1,4,14
9,161,0,4,14
9,162,0,4,13
9,163,0,4,13
9,164,0,4,12
9,165,0,4,11
9,166,0,4,10
9,167,0,4,9
9,168,0,4,7
9,169,0,4,6
9,170,0,4,4
9,171,0,4,2
9,172,0,4,1
9,173,0,3,254
9,174,0,3,252
9,175,0,3,250
9,176,0,3,248
9,177,0,3,245
9,178,0,3,243
9,179,0,3,240
9,180,0,3,238
9,181,0,3,235
9,182,0,3,233
9,183,0,3,230
9,184,0,3,227
9,185,0,3,225
9,186,0,3,222
9,187,0,3,220
9,188,0,3,217
9,189,0,3,215
9,190,0,3,213
9,191,0,3,210
9,192,0,3,208
9,193,0,3,206
9,194,0,3,204
9,195,0,3,203
9,196,0,3,201
9,197,0,3,200
9,198,0,3,198
9,199,0,3,197
9,200,0,3,196
9,201,0,3,195
9,202,0,3,195
9,203,0,3,194
9,204,0,3,194
9,205,0,3,194
9,206,0,3,194
9,207,0,3,194
9,208,1,3,194
9,209,1,3,195
9,210,1,3,195
9,211,1,3,196
9,212,1,3,197
9,213,1,3,199
9,214,1,3,200
9,215,1,3,202
9,216,1,3,203
9,217,1,3,205
9,218,1,3,207
9,219,1,3,209
9,220,1,3,211
9,221,1,3,213
9,222,1,3,216
9,223,1,3,218
9,224,1,3,220
9,225,1,3,223
9,226,1,3,225
9,227,1,3,228
9,228,1,3,231
9,229,1,3,233
9,230,1,3,236
9,231,1,3,238
9,232,1,3,241
9,233,1,3,243
9,234,1,3,246
9,235,1,3,248
9,236,1,3,250
9,237,1,3,252
9,238,1,3,255
9,239,1,4,1
9,240,1,4,2
9,241,1,4,4
9,242,1,4,6
9,243,1,4,7
9,244,1,4,8
9,245,1,4,10
9,246,1,4,11
9,247,1,4,11
9,248,1,4,12
9,249,1,4,13
9,250,1,4,13
9,251,1,4,13
9,252,1,4,13
9,253,0,4,13
9,254,0,4,12
9,255,0,4,12
10,0,0,4,11
10,1,0,4,10
10,2,0,4,9
10,3,0,4,8
10,4,0,4,7
10,5,0,4,5
10,6,0,4,4
10,7,0,4,2
10,8,0,4,0
10,9,0,3,254
10,10,0,3,252
10,11,0,3,250
10,12,0,3,248
10,13,0,3,245
10,14,0,3,243
10,15,0,3,240
10,16,0,3,238
10,17,0,3,235
10,18,0,3,233
10,19,0,3,230
10,20,0,3,228
10,21,0,3,225
10,22,0,3,223
10,23,0,3,220
10,24,0,3,218
10,25,0,3,216
10,26,0,3,213
10,27,0,3,211
10,28,0,3,209
10,29,0,3,207
10,30,0,3,205
10,31,0,3,204
10,32,0,3,202
10,33,0,3,201
10,34,0,3,199
10,35,0,3,198
10,36,0,3,197
10,37,0,3,196
10,38,0,3,196
10,39,0,3,195
10,40,0,3,195
10,41,0,3,195
10,42,0,3,195
10,43,0,3,195
10,44,0,3,195
10,45,1,3,196
10,46,1,3,196
10,47,1,3,197
10,48,1,3,198
10,49,1,3,199
10,50,1,3,201
10,51,1,3,202
10,52,1,3,204
10,53,1,3,205
10,54,1,3,207
10,55,1,3,209
10,56,1,3,211
10,57,1,3,213
10,58,1,3,216
10,59,1,3,218
10,60,1,3,220
10,61,1,3,223
10,62,1,3,225
10,63,1,3,228
10,64,1,3,230
10,65,1,3,233
10,66,1,3,235
10,67,1,3,238
10,68,1,3,240
10,69,1,3,243
10,70,1,3,245
10,71,1,3,247
10,72,1,3,250
10,73,1,3,252
10,74,1,3,254
10,75,1,4,0
10,76,1,4,1
10,77,1,4,3
10,78,1,4,5
10,79,1,4,6
10,80,1,4,7
10,81,1,4,9
10,82,1,4,10
10,83,1,4,10
10,84,1,4,11
10,85,1,4,12
10,86,1,4,12
10,87,1,4,12
10,88,1,4,12
10,89,1,4,12
10,90,0,4,12
10,91,0,4,11
10,92,0,4,10
10,93,0,4,10
10,94,0,4,9
10,95,0,4,8
10,96,0,4,6
10,97,0,4,5
10,98,0,4,3
10,99,0,4,2
10,100,0,4,0
10,101,0,3,254
10,102,0,3,252
10,103,0,3,250
10,104,0,3,247
10,105,0,3,245
10,106,0,3,243
10,107,0,3,240
10,108,0,3,238
10,109,0,3,236
10,110,0,3,233
10,111,0,3,231
10,112,0,3,228
10,113,0,3,226
10,114,0,3,223
10,115,0,3,221
10,116,0,3,218
10,117,0,3,216
10,118,0,3,214
10,119,0,3,212
10,120,0,3,210
10,121,0,3,208
10,122,0,3,206
10,123,0,3,204
10,124,0,3,203
10,125,0,3,201
10,126,0,3,200
10,127,0,3,199
10,128,0,3,198
10,129,0,3,197
10,130,0,3,196
10,131,0,3,196
10,132,0,3,196
10,133,0,3,195
10,134,1,3,195
10,135,1,3,196
10,136,1,3,196
10,137,1,3,196
10,138,1,3,197
10,139,1,3,198
10,140,1,3,199
10,141,1,3,200
10,142,1,3,201
10,143,1,3,203
10,144,1,3,204
10,145,1,3,206
10,146,1,3,208
10,147,1,3,210
10,148,1,3,212
10,149,1,3,214
10,150,1,3,216
10,151,1,3,219
10,152,1,3,221
10,153,1,3,223
10,154,1,3,226
10,155,1,3,228
10,156,1,3,231
10,157,1,3,233
10,158,1,3,236
10,159,1,3,238
10,160,1,3,240
10,161,1,3,243
10,162,1,3,245
10,163,1,3,247
10,164,1,3,249
10,165,1,3,252
10,166,1,3,254
10,167,1,3,255
10,168,1,4,1
10,169,1,4,3
10,170,1,4,4
10,171,1,4,6
10,172,1,4,7
10,173,1,4,8
10,174,1,4,9
10,175,1,4,10
10,176,1,4,10
10,177,1,4,11
10,178,1,4,11
10,179,1,4,11
10,180,1,4,11
10,181,1,4,11
10,182,0,4,11
10,183,0,4,10
10,184,0,4,9
10,185,0,4,9
10,186,0,4,8
10,187,0,4,6
10,188,0,4,5
10,189,0,4,4
10,190,0,4,2
10,191,0,4,0
10,192,0,3,255
10,193,0,3,253
10,194,0,3,251
10,195,0,3,249
10,196,0,3,246
10,197,0,3,244
10,198,0,3,242
10,199,0,3,240
10,200,0,3,237
10,201,0,3,235
10,202,0,3,232
10,203,0,3,230
10,204,0,3,227
10,205,0,3,225
10,206,0,3,223
10,207,0,3,220
10,208,0,3,218
10,209,0,3,216
10,210,0,3,214
10,211,0,3,212
10,212,0,3,210
10,213,0,3,208
10,214,0,3,206
10,215,0,3,204
10,216,0,3,203
10,217,0,3,202
10,218,0,3,200
10,219,0,3,199
10,220,0,3,198
10,221,0,3,198
10,222,0,3,197
10,223,0,3,197
10,224,0,3,196
10,225,0,3,196
10,226,1,3,196
10,227,1,3,197
10,228,1,3,197
10,229,1,3,197
10,230,1,3,198
10,231,1,3,199
10,232,1,3,200
10,233,1,3,201
10,234,1,3,203
10,235,1,3,204
10,236,1,3,206
10,237,1,3,207
10,238,1,3,209
10,239,1,3,211
10,240,1,3,213
10,241,1,3,215
10,242,1,3,217
10,243,1,3,220
10,244,1,3,222
10,245,1,3,224
10,246,1,3,227
10,247,1,3,229
10,248,1,3,231
10,249,1,3,234
10,250,1,3,236
10,251,1,3,239
10,252,1,3,241
10,253,1,3,243
10,254,1,3,245
10,255,1,3,248
11,0,1,3,250
11,1,1,3,252
11,2,1,3,254
11,3,1,3,255
11,4,1,4,1
11,5,1,4,3
11,6,1,4,4
11,7,1,4,5
11,8,1,4,6
11,9,1,4,7
11,10,1,4,8
11,11,1,4,9
11,12,1,4,10
11,13,1,4,10
11,14,1,4,10
11,15,1,4,10
11,16,1,4,10
11,17,1,4,10
11,18,0,4,10
11,19,0,4,9
11,20,0,4,8
11,21,0,4,8
11,22,0,4,7
11,23,0,4,5
11,24,0,4,4
11,25,0,4,3
11,26,0,4,1
11,27,0,4,0
11,28,0,3,254
11,29,0,3,252
11,30,0,3,250
11,31,0,3,248
11,32,0,3,246
11,33,0,3,244
11,34,0,3,241
11,35,0,3,239
11,36,0,3,237
11,37,0,3,234
11,38,0,3,232
11,39,0,3,230
11,40,0,3,227
11,41,0,3,225
11,42,0,3,223
11,43,0,3,220
11,44,0,3,218
11,45,0,3,216
11,46,0,3,214
11,47,0,3,212
11,48,0,3,210
11,49,0,3,208
11,50,0,3,207
11,51,0,3,205
11,52,0,3,204
11,53,0,3,202
11,54,0,3,201
11,55,0,3,200
11,56,0,3,199
11,57,0,3,199
11,58,0,3,198
11,59,0,3,198
11,60,0,3,197
11,61,0,3,197
11,62,0,3,197
11,63,1,3,197
11,64,1,3,198
11,65,1,3,198
11,66,1,3,199
11,67,1,3,200
11,68,1,3,201
11,69,1,3,202
11,70,1,3,203
11,71,1,3,205
11,72,1,3,206
11,73,1,3,208
11,74,1,3,210
11,75,1,3,211
11,76,1,3,213
11,77,1,3,215
11,78,1,3,218
11,79,1,3,220
11,80,1,3,222
11,81,1,3,224
11,82,1,3,227
11,83,1,3,229
11,84,1,3,231
11,85,1,3,234
11,86,1,3,236
11,87,1,3,238
11,88,1,3,240
11,89,1,3,243
11,90,1,3,245
11,91,1,3,247
11,92,1,3,249
11,93,1,3,251
11,94,1,3,253
11,95,1,3,255
11,96,1,4,0
11,97,1,4,2
11,98,1,4,3
11,99,1,4,4
11,100,1,4,6
11,101,1,4,7
11,102,1,4,7
11,103,1,4,8
11,104,1,4,9
11,105,1,4,9
11,106,1,4,9
11,107,1,4,9
11,108,1,4,9
11,109,1,4,9
11,110,0,4,9
11,111,0,4,8
11,112,0,4,8
11,113,0,4,7
11,114,0,4,6
11,115,0,4,5
11,116,0,4,3
11,117,0,4,2
11,118,0,4,1
11,119,0,3,255
11,120,0,3,253
11,121,0,3,251
11,122,0,3,249
11,123,0,3,247
11,124,0,3,245
11,125,0,3,243
11,126,0,3,241
11,127,0,3,239
11,128,0,3,236
11,129,0,3,234
11,130,0,3,232
11,131,0,3,230
11,132,0,3,227
11,133,0,3,225
11,134,0,3,223
11,135,0,3,220
11,136,0,3,218
11,137,0,3,216
11,138,0,3,214
11,139,0,3,212
11,140,0,3,210
11,141,0,3,209
11,142,0,3,207
11,143,0,3,206
11,144,0,3,204
11,145,0,3,203
11,146,0,3,202
11,147,0,3,201
11,148,0,3,200
11,149,0,3,199
11,150,0,3,199
11,151,0,3,198
11,152,0,3,198
11,153,0,3,198
11,154,0,3,198
11,155,1,3,198
11,156,1,3,199
11,157,1,3,199
11,158,1,3,200
11,159,1,3,201
11,160,1,3,202
11,161,1,3,203
11,162,1,3,204
11,163,1,3,206
11,164,1,3,207
11,165,1,3,209
11,166,1,3,211
11,167,1,3,212
11,168,1,3,214
11,169,1,3,216
11,170,1,3,218
11,171,1,3,221
11,172,1,3,223
11,173,1,3,225
11,174,1,3,227
11,175,1,3,229
11,176,1,3,232
11,177,1,3,234
11,178,1,3,236
11,179,1,3,239
11,180,1,3,241
11,181,1,3,243
11,182,1,3,245
11,183,1,3,247
11,184,1,3,249
11,185,1,3,251
11,186,1,3,253
11,187,1,3,254
11,188,1,4,0
11,189,1,4,1
11,190,1,4,3
11,191,1,4,4
11,192,1,4,5
11,193,1,4,6
11,194,1,4,7
11,195,1,4,7
11,196,1,4,8
11,197,1,4,8
11,198,1,4,8
11,199,1,4,9
11,200,0,4,8
11,201,0,4,8
11,202,0,4,8
11,203,0,4,7
11,204,0,4,7
11,205,0,4,6
11,206,0,4,5
11,207,0,4,4
11,208,0,4,2
11,209,0,4,1
11,210,0,3,255
11,211,0,3,254
11,212,0,3,252
11,213,0,3,250
11,214,0,3,248
11,215,0,3,246
11,216,0,3,244
11,217,0,3,242
11,218,0,3,240
11,219,0,3,238
11,220,0,3,236
11,221,0,3,233
11,222,0,3,231
11,223,0,3,229
11,224,0,3,227
11,225,0,3,224
11,226,0,3,222
11,227,0,3,220
11,228,0,3,218
11,229,0,3,216
11,230,0,3,214
11,231,0,3,212
11,232,0,3,210
11,233,0,3,209
11,234,0,3,207
11,235,0,3,206
11,236,0,3,204
11,237,0,3,203
11,238,0,3,202
11,239,0,3,201
11,240,0,3,201
11,241,0,3,200
11,242,0,3,199
11,243,0,3,199
11,244,0,3,199
11,245,0,3,199
11,246,0,3,199
11,247,1,3,199
11,248,1,3,200
11,249,1,3,200
11,250,1,3,201
11,251,1,3,202
11,252,1,3,203
11,253,1,3,204
11,254,1,3,205
11,255,1,3,207
12,0,1,3,208
12,1,1,3,210
12,2,1,3,212
12,3,1,3,213
12,4,1,3,215
12,5,1,3,217
12,6,1,3,219
12,7,1,3,221
12,8,1,3,224
12,9,1,3,226
12,10,1,3,228
12,11,1,3,230
12,12,1,3,232
12,13,1,3,235
12,14,1,3,237
12,15,1,3,239
12,16,1,3,241
12,17,1,3,243
12,18,1,3,245
12,19,1,3,247
12,20,1,3,249
12,21,1,3,251
12,22,1,3,253
12,23,1,3,254
12,24,1,4,0
12,25,1,4,1
12,26,1,4,2
12,27,1,4,3
12,28,1,4,4
12,29,1,4,5
12,30,1,4,6
12,31,1,4,7
12,32,1,4,7
12,33,1,4,7
12,34,1,4,8
12,35,1,4,8
12,36,0,4,8
12,37,0,4,7
12,38,0,4,7
12,39,0,4,6
12,40,0,4,6
12,41,0,4,5
12,42,0,4,4
12,43,0,4,3
12,44,0,4,1
12,45,0,4,0
12,46,0,3,255
12,47,0,3,253
12,48,0,3,251
12,49,0,3,250
12,50,0,3,248
12,51,0,3,246
12,52,0,3,244
12,53,0,3,242
12,54,0,3,240
12,55,0,3,238
12,56,0,3,235
12,57,0,3,233
12,58,0,3,231
12,59,0,3,229
12,60,0,3,227
12,61,0,3,224
12,62,0,3,222
12,63,0,3,220
12,64,0,3,218
12,65,0,3,216
12,66,0,3,214
12,67,0,3,213
12,68,0,3,211
12,69,0,3,209
12,70,0,3,208
12,71,0,3,206
12,72,0,3,205
12,73,0,3,204
12,74,0,3,203
12,75,0,3,202
12,76,0,3,201
12,77,0,3,201
12,78,0,3,200
12,79,0,3,200
12,80,0,3,200
12,81,0,3,200
12,82,0,3,200
12,83,1,3,200
12,84,1,3,201
12,85,1,3,201
12,86,1,3,202
12,87,1,3,203
12,88,1,3,204
12,89,1,3,205
12,90,1,3,206
12,91,1,3,207
12,92,1,3,209
12,93,1,3,210
12,94,1,3,212
12,95,1,3,214
12,96,1,3,216
12,97,1,3,218
12,98,1,3,220
12,99,1,3,222
12,100,1,3,224
12,101,1,3,226
12,102,1,3,228
12,103,1,3,230
12,104,1,3,232
12,105,1,3,234
12,106,1,3,237
12,107,1,3,239
12,108,1,3,241
12,109,1,3,243
12,110,1,3,245
12,111,1,3,247
12,112,1,3,249
12,113,1,3,250
12,114,1,3,252
12,115,1,3,254
12,116,1,3,255
12,117,1,4,0
12,118,1,4,2
12,119,1,4,3
12,120,1,4,4
12,121,1,4,5
12,122,1,4,5
12,123,1,4,6
12,124,1,4,6
12,125,1,4,7
12,126,1,4,7
12,127,1,4,7
12,128,0,4,7
12,129,0,4,6
12,130,0,4,6
12,131,0,4,5
12,132,0,4,5
12,133,0,4,4
12,134,0,4,3
12,135,0,4,2
12,136,0,4,1
12,137,0,3,255
12,138,0,3,254
12,139,0,3,252
12,140,0,3,251
12,141,0,3,249
12,142,0,3,247
12,143,0,3,245
12,144,0,3,243
12,145,0,3,241
12,146,0,3,239
12,147,0,3,237
12,148,0,3,235
12,149,0,3,233
12,150,0,3,231
12,151,0,3,228
12,152,0,3,226
12,153,0,3,224
12,154,0,3,222
12,155,0,3,220
12,156,0,3,218
12,157,0,3,216
12,158,0,3,214
12,159,0,3,213
12,160,0,3,211
12,161,0,3,210
12,162,0,3,208
12,163,0,3,207
12,164,0,3,206
12,165,0,3,205
12,166,0,3,204
12,167,0,3,203
12,168,0,3,202
12,169,0,3,201
12,170,0,3,201
12,171,0,3,201
12,172,0,3,201
12,173,0,3,201
12,174,0,3,201
12,175,1,3,201
12,176,1,3,202
12,177,1,3,202
12,178,1,3,203
12,179,1,3,204
12,180,1,3,205
12,181,1,3,206
12,182,1,3,207
12,183,1,3,209
12,184,1,3,210
12,185,1,3,212
12,186,1,3,213
12,187,1,3,215
12,188,1,3,217
12,189,1,3,219
12,190,1,3,221
12,191,1,3,223
12,192,1,3,225
12,193,1,3,227
12,194,1,3,229
12,195,1,3,231
12,196,1,3,233
12,197,1,3,235
12,198,1,3,237
12,199,1,3,239
12,200,1,3,241
12,201,1,3,243
12,202,1,3,245
12,203,1,3,247
12,204,1,3,249
12,205,1,3,250
12,206,1,3,252
12,207,1,3,254
12,208,1,3,255
12,209,1,4,0
12,210,1,4,1
12,211,1,4,2
12,212,1,4,3
12,213,1,4,4
12,214,1,4,5
12,215,1,4,5
12,216,1,4,6
12,217,1,4,6
12,218,1,4,6
12,219,1,4,6
12,220,0,4,6
12,221,0,4,5
12,222,0,4,5
12,223,0,4,4
12,224,0,4,4
12,225,0,4,3
12,226,0,4,2
12,227,0,4,1
12,228,0,3,255
12,229,0,3,254
12,230,0,3,253
12,231,0,3,251
12,232,0,3,249
12,233,0,3,248
12,234,0,3,246
12,235,0,3,244
12,236,0,3,242
12,237,0,3,240
12,238,0,3,238
12,239,0,3,236
12,240,0,3,234
12,241,0,3,232
12,242,0,3,230
12,243,0,3,228
12,244,0,3,226
12,245,0,3,224
12,246,0,3,222
12,247,0,3,220
12,248,0,3,218
12,249,0,3,216
12,250,0,3,214
12,251,0,3,213
12,252,0,3,211
12,253,0,3,210
12,254,0,3,208
12,255,0,3,207
13,0,0,3,206
13,1,0,3,205
13,2,0,3,204
13,3,0,3,203
13,4,0,3,203
13,5,0,3,202
13,6,0,3,202
13,7,0,3,202
13,8,0,3,202
13,9,0,3,202
13,10,0,3,202
13,11,1,3,202
13,12,1,3,203
13,13,1,3,203
13,14,1,3,204
13,15,1,3,205
13,16,1,3,206
13,17,1,3,207
13,18,1,3,208
13,19,1,3,210
13,20,1,3,211
13,21,1,3,213
13,22,1,3,214
13,23,1,3,216
13,24,1,3,218
13,25,1,3,220
13,26,1,3,221
13,27,1,3,223
13,28,1,3,225
13,29,1,3,227
13,30,1,3,229
13,31,1,3,231
13,32,1,3,233
13,33,1,3,236
13,34,1,3,238
13,35,1,3,240
13,36,1,3,241
13,37,1,3,243
13,38,1,3,245
13,39,1,3,247
13,40,1,3,249
13,41,1,3,250
13,42,1,3,252
13,43,1,3,253
13,44,1,3,255
13,45,1,4,0
13,46,1,4,1
13,47,1,4,2
13,48,1,4,3
13,49,1,4,3
13,50,1,4,4
13,51,1,4,4
13,52,1,4,5
13,53,1,4,5
13,54,1,4,5
13,55,1,4,5
13,56,1,4,5
13,57,0,4,5
13,58,0,4,4
13,59,0,4,3
13,60,0,4,3
13,61,0,4,2
13,62,0,4,1
13,63,0,4,0
13,64,0,3,255
13,65,0,3,253
13,66,0,3,252
13,67,0,3,250
13,68,0,3,249
13,69,0,3,247
13,70,0,3,245
13,71,0,3,243
13,72,0,3,242
13,73,0,3,240
13,74,0,3,238
13,75,0,3,236
13,76,0,3,234
13,77,0,3,232
13,78,0,3,230
13,79,0,3,228
13,80,0,3,226
13,81,0,3,224
13,82,0,3,222
13,83,0,3,220
13,84,0,3,218
13,85,0,3,216
13,86,0,3,215
13,87,0,3,213
13,88,0,3,212
13,89,0,3,210
13,90,0,3,209
13,91,0,3,208
13,92,0,3,207
13,93,0,3,206
13,94,0,3,205
13,95,0,3,204
13,96,0,3,203
13,97,0,3,203
13,98,0,3,203
13,99,0,3,202
13,100,0,3,202
13,101,1,3,202
13,102,1,3,203
13,103,1,3,203
13,104,1,3,203
13,105,1,3,204
13,106,1,3,205
13,107,1,3,206
13,108,1,3,207
13,109,1,3,208
13,110,1,3,209
13,111,1,3,210
13,112,1,3,212
13,113,1,3,213
13,114,1,3,215
13,115,1,3,217
13,116,1,3,218
13,117,1,3,220
13,118,1,3,222
13,119,1,3,224
13,120,1,3,226
13,121,1,3,228
13,122,1,3,230
13,123,1,3,232
13,124,1,3,234
13,125,1,3,236
13,126,1,3,238
13,127,1,3,240
13,128,1,3,241
13,129,1,3,243
13,130,1,3,245
13,131,1,3,247
13,132,1,3,248
13,133,1,3,250
13,134,1,3,251
13,135,1,3,253
13,136,1,3,254
13,137,1,3,255
13,138,1,4,0
13,139,1,4,1
13,140,1,4,2
13,141,1,4,3
13,142,1,4,3
13,143,1,4,4
13,144,1,4,4
13,145,1,4,4
13,146,1,4,4
13,147,1,4,4
13,148,1,4,4
13,149,0,4,4
13,150,0,4,3
13,151,0,4,2
13,152,0,4,2
13,153,0,4,1
13,154,0,4,0
13,155,0,3,255
13,156,0,3,254
13,157,0,3,252
13,158,0,3,251
13,159,0,3,249
13,160,0,3,248
13,161,0,3,246
13,162,0,3,244
13,163,0,3,243
13,164,0,3,241
13,165,0,3,239
13,166,0,3,237
13,167,0,3,235
13,168,0,3,233
13,169,0,3,231
13,170,0,3,229
13,171,0,3,227
13,172,0,3,225
13,173,0,3,223
13,174,0,3,221
13,175,0,3,220
13,176,0,3,218
13,177,0,3,216
13,178,0,3,215
13,179,0,3,213
13,180,0,3,212
13,181,0,3,210
13,182,0,3,209
13,183,0,3,208
13,184,0,3,207
13,185,0,3,206
13,186,0,3,205
13,187,0,3,205
13,188,0,3,204
13,189,0,3,204
13,190,0,3,203
13,191,0,3,203
13,192,0,3,203
13,193,1,3,203
13,194,1,3,204
13,195,1,3,204
13,196,1,3,205
13,197,1,3,205
13,198,1,3,206
13,199,1,3,207
13,200,1,3,208
13,201,1,3,209
13,202,1,3,210
13,203,1,3,212
13,204,1,3,213
13,205,1,3,214
13,206,1,3,216
13,207,1,3,218
13,208,1,3,219
13,209,1,3,221
13,210,1,3,223
13,211,1,3,225
13,212,1,3,227
13,213,1,3,229
13,214,1,3,231
13,215,1,3,233
13,216,1,3,234
13,217,1,3,236
13,218,1,3,238
13,219,1,3,240
13,220,1,3,242
13,221,1,3,244
13,222,1,3,245
13,223,1,3,247
13,224,1,3,249
13,225,1,3,250
13,226,1,3,251
13,227,1,3,253
13,228,1,3,254
13,229,1,3,255
13,230,1,4,0
13,231,1,4,1
13,232,1,4,2
13,233,1,4,2
13,234,1,4,3
13,235,1,4,3
13,236,1,4,3
13,237,1,4,3
13,238,1,4,3
13,239,1,4,3
13,240,1,4,3
13,241,0,4,3
13,242,0,4,2
13,243,0,4,1
13,244,0,4,1
13,245,0,4,0
13,246,0,3,255
13,247,0,3,254
13,248,0,3,252
13,249,0,3,251
13,250,0,3,250
13,251,0,3,248
13,252,0,3,247
13,253,0,3,245
13,254,0,3,243
13,255,0,3,241
14,0,0,3,240
14,1,0,3,238
14,2,0,3,236
14,3,0,3,234
14,4,0,3,232
14,5,0,3,230
14,6,0,3,228
14,7,0,3,227
14,8,0,3,225
14,9,0,3,223
14,10,0,3,221
14,11,0,3,219
14,12,0,3,218
14,13,0,3,216
14,14,0,3,215
14,15,0,3,213
14,16,0,3,212
14,17,0,3,211
14,18,0,3,209
14,19,0,3,208
14,20,0,3,207
14,21,0,3,207
14,22,0,3,206
14,23,0,3,205
14,24,0,3,205
14,25,0,3,204
14,26,0,3,204
14,27,0,3,204
14,28,0,3,204
14,29,1,3,204
14,30,1,3,205
14,31,1,3,205
14,32,1,3,206
14,33,1,3,206
14,34,1,3,207
14,35,1,3,208
14,36,1,3,209
14,37,1,3,210
14,38,1,3,211
14,39,1,3,212
14,40,1,3,214
14,41,1,3,215
14,42,1,3,217
14,43,1,3,218
14,44,1,3,220
14,45,1,3,222
14,46,1,3,224
14,47,1,3,226
14,48,1,3,227
14,49,1,3,229
14,50,1,3,231
14,51,1,3,233
14,52,1,3,235
14,53,1,3,237
14,54,1,3,238
14,55,1,3,240
14,56,1,3,242
14,57,1,3,244
14,58,1,3,245
14,59,1,3,247
14,60,1,3,248
14,61,1,3,250
14,62,1,3,251
14,63,1,3,252
14,64,1,3,253
14,65,1,3,254
14,66,1,3,255
14,67,1,4,0
14,68,1,4,1
14,69,1,4,1
14,70,1,4,2
14,71,1,4,2
14,72,1,4,2
14,73,1,4,3
14,74,0,4,3
14,75,0,4,2
14,76,0,4,2
14,77,0,4,2
14,78,0,4,1
14,79,0,4,0
14,80,0,4,0
14,81,0,3,255
14,82,0,3,254
14,83,0,3,253
14,84,0,3,252
14,85,0,3,250
14,86,0,3,249
14,87,0,3,247
14,88,0,3,246
14,89,0,3,244
14,90,0,3,243
14,91,0,3,241
14,92,0,3,239
14,93,0,3,237
14,94,0,3,236
14,95,0,3,234
14,96,0,3,232
14,97,0,3,230
14,98,0,3,228
14,99,0,3,227
14,100,0,3,225
14,101,0,3,223
14,102,0,3,221
14,103,0,3,220
14,104,0,3,218
14,105,0,3,216
14,106,0,3,215
14,107,0,3,214
14,108,0,3,212
14,109,0,3,211
14,110,0,3,210
14,111,0,3,209
14,112,0,3,208
14,113,0,3,207
14,114,0,3,207
14,115,0,3,206
14,116,0,3,206
14,117,0,3,205
14,118,0,3,205
14,119,0,3,205
14,120,0,3,205
14,121,0,3,205
14,122,1,3,205
14,123,1,3,206
14,124,1,3,206
14,125,1,3,207
14,126,1,3,208
14,127,1,3,209
14,128,1,3,210
14,129,1,3,211
14,130,1,3,212
14,131,1,3,213
14,132,1,3,215
14,133,1,3,216
14,134,1,3,218
14,135,1,3,219
14,136,1,3,221
14,137,1,3,223
14,138,1,3,224
14,139,1,3,226
14,140,1,3,228
14,141,1,3,230
14,142,1,3,232
14,143,1,3,233
14,144,1,3,235
14,145,1,3,237
14,146,1,3,239
14,147,1,3,240
14,148,1,3,242
14,149,1,3,244
14,150,1,3,245
14,151,1,3,247
14,152,1,3,248
14,153,1,3,250
14,154,1,3,251
14,155,1,3,252
14,156,1,3,253
14,157,1,3,254
14,158,1,3,255
14,159,1,4,0
14,160,1,4,0
14,161,1,4,1
14,162,1,4,1
14,163,1,4,2
14,164,1,4,2
14,165,1,4,2
14,166,0,4,2
14,167,0,4,1
14,168,0,4,1
14,169,0,4,1
14,170,0,4,0
14,171,0,3,255
14,172,0,3,255
14,173,0,3,254
14,174,0,3,253
14,175,0,3,252
14,176,0,3,250
14,177,0,3,249
14,178,0,3,248
14,179,0,3,246
14,180,0,3,245
14,181,0,3,243
14,182,0,3,242
14,183,0,3,240
14,184,0,3,238
14,185,0,3,236
14,186,0,3,235
14,187,0,3,233
14,188,0,3,231
14,189,0,3,229
14,190,0,3,228
14,191,0,3,226
14,192,0,3,224
14,193,0,3,222
14,194,0,3,221
14,195,0,3,219
14,196,0,3,218
14,197,0,3,216
14,198,0,3,215
14,199,0,3,213
14,200,0,3,212
14,201,0,3,211
14,202,0,3,210
14,203,0,3,209
14,204,0,3,208
14,205,0,3,208
14,206,0,3,207
14,207,0,3,207
14,208,0,3,206
14,209,0,3,206
14,210,0,3,206
14,211,0,3,206
14,212,0,3,206
14,213,0,3,206
14,214,1,3,206
14,215,1,3,207
14,216,1,3,208
14,217,1,3,208
14,218,1,3,209
14,219,1,3,210
14,220,1,3,211
14,221,1,3,212
14,222,1,3,213
14,223,1,3,215
14,224,1,3,216
14,225,1,3,217
14,226,1,3,219
14,227,1,3,221
14,228,1,3,222
14,229,1,3,224
14,230,1,3,225
14,231,1,3,227
14,232,1,3,229
14,233,1,3,231
14,234,1,3,232
14,235,1,3,234
14,236,1,3,236
14,237,1,3,238
14,238,1,3,239
14,239,1,3,241
14,240,1,3,243
14,241,1,3,244
14,242,1,3,246
14,243,1,3,247
14,244,1,3,248
14,245,1,3,250
14,246,1,3,251
14,247,1,3,252
14,248,1,3,253
14,249,1,3,254
14,250,1,3,255
14,251,1,3,255
14,252,1,4,0
14,253,1,4,0
14,254,1,4,1
14,255,1,4,1
15,0,1,4,1
15,1,1,4,1
15,2,0,4,1
15,3,0,4,0
15,4,0,4,0
15,5,0,4,0
15,6,0,3,255
15,7,0,3,254
15,8,0,3,253
15,9,0,3,253
15,10,0,3,252
15,11,0,3,250
15,12,0,3,249
15,13,0,3,248
15,14,0,3,247
15,15,0,3,245
15,16,0,3,244
15,17,0,3,242
15,18,0,3,241
15,19,0,3,239
15,20,0,3,237
15,21,0,3,236
15,22,0,3,234
15,23,0,3,232
15,24,0,3,230
15,25,0,3,229
15,26,0,3,227
15,27,0,3,225
15,28,0,3,224
15,29,0,3,222
15,30,0,3,221
15,31,0,3,219
15,32,0,3,218
15,33,0,3,216
15,34,0,3,215
15,35,0,3,214
15,36,0,3,212
15,37,0,3,211
15,38,0,3,210
15,39,0,3,210
15,40,0,3,209
15,41,0,3,208
15,42,0,3,208
15,43,0,3,207
15,44,0,3,207
15,45,0,3,207
15,46,0,3,207
15,47,0,3,207
15,48,0,3,207
15,49,0,3,207
15,50,1,3,207
15,51,1,3,208
15,52,1,3,208
15,53,1,3,209
15,54,1,3,210
15,55,1,3,211
15,56,1,3,212
15,57,1,3,213
15,58,1,3,214
15,59,1,3,216
15,60,1,3,217
15,61,1,3,218
15,62,1,3,220
15,63,1,3,221
15,64,1,3,223
15,65,1,3,224
15,66,1,3,226
15,67,1,3,228
15,68,1,3,229
15,69,1,3,231
15,70,1,3,233
15,71,1,3,234
15,72,1,3,236
15,73,1,3,238
15,74,1,3,239
15,75,1,3,241
15,76,1,3,243
15,77,1,3,244
15,78,1,3,245
15,79,1,3,247
15,80,1,3,248
15,81,1,3,249
15,82,1,3,250
15,83,1,3,251
15,84,1,3,252
15,85,1,3,253
15,86,1,3,254
15,87,1,3,255
15,88,1,3,255
15,89,1,3,255
15,90,1,4,0
15,91,1,4,0
15,92,1,4,0
15,93,1,4,0
15,94,1,4,0
15,95,0,4,0
15,96,0,3,255
15,97,0,3,255
15,98,0,3,254
15,99,0,3,253
15,100,0,3,253
15,101,0,3,252
15,102,0,3,251
15,103,0,3,250
15,104,0,3,248
15,105,0,3,247
15,106,0,3,246
15,107,0,3,244
15,108,0,3,243
15,109,0,3,241
15,110,0,3,240
15,111,0,3,238
15,112,0,3,237
15,113,0,3,235
15,114,0,3,233
15,115,0,3,232
15,116,0,3,230
15,117,0,3,228
15,118,0,3,227
15,119,0,3,225
15,120,0,3,224
15,121,0,3,222
15,122,0,3,220
15,123,0,3,219
15,124,0,3,218
15,125,0,3,216
15,126,0,3,215
15,127,0,3,214
15,128,0,3,213
15,129,0,3,212
15,130,0,3,211
15,131,0,3,210
15,132,0,3,209
15,133,0,3,209
15,134,0,3,208
15,135,0,3,208
15,136,0,3,208
15,137,0,3,208
15,138,0,3,207
15,139,1,3,207
15,140,1,3,208
15,141,1,3,208
15,142,1,3,208
15,143,1,3,209
15,144,1,3,210
15,145,1,3,210
15,146,1,3,211
15,147,1,3,212
15,148,1,3,213
15,149,1,3,214
15,150,1,3,215
15,151,1,3,217
15,152,1,3,218
15,153,1,3,219
15,154,1,3,221
15,155,1,3,222
15,156,1,3,224
15,157,1,3,225
15,158,1,3,227
15,159,1,3,229
15,160,1,3,230
15,161,1,3,232
15,162,1,3,234
15,163,1,3,235
15,164,1,3,237
15,165,1,3,238
15,166,1,3,240
15,167,1,3,241
15,168,1,3,243
15,169,1,3,244
15,170,1,3,246
15,171,1,3,247
15,172,1,3,248
15,173,1,3,249
15,174,1,3,250
15,175,1,3,251
15,176,1,3,252
15,177,1,3,253
15,178,1,3,254
15,179,1,3,254
15,180,1,3,254
15,181,1,3,255
15,182,1,3,255
15,183,1,3,255
15,184,1,3,255
15,185,1,3,255
15,186,1,3,255
15,187,0,3,255
15,188,0,3,254
15,189,0,3,254
15,190,0,3,253
15,191,0,3,252
15,192,0,3,251
15,193,0,3,250
15,194,0,3,249
15,195,0,3,248
15,196,0,3,247
15,197,0,3,246
15,198,0,3,244
15,199,0,3,243
15,200,0,3,242
15,201,0,3,240
15,202,0,3,239
15,203,0,3,237
15,204,0,3,236
15,205,0,3,234
15,206,0,3,232
15,207,0,3,231
15,208,0,3,229
15,209,0,3,227
15,210,0,3,226
15,211,0,3,224
15,212,0,3,223
15,213,0,3,221
15,214,0,3,220
15,215,0,3,219
15,216,0,3,217
15,217,0,3,216
15,218,0,3,215
15,219,0,3,214
15,220,0,3,213
15,221,0,3,212
15,222,0,3,211
15,223,0,3,210
15,224,0,3,210
15,225,0,3,209
15,226,0,3,209
15,227,0,3,209
15,228,0,3,208
15,229,0,3,208
15,230,0,3,208
15,231,1,3,208
15,232,1,3,209
15,233,1,3,209
15,234,1,3,209
15,235,1,3,210
15,236,1,3,211
15,237,1,3,211
15,238,1,3,212
15,239,1,3,213
15,240,1,3,214
15,241,1,3,215
15,242,1,3,217
15,243,1,3,218
15,244,1,3,219
15,245,1,3,221
15,246,1,3,222
15,247,1,3,224
15,248,1,3,225
15,249,1,3,227
15,250,1,3,228
15,251,1,3,230
15,252,1,3,231
15,253,1,3,233
15,254,1,3,234
15,255,1,3,236
16,0,1,3,238
16,1,1,3,239
16,2,1,3,241
16,3,1,3,242
16,4,1,3,243
16,5,1,3,245
16,6,1,3,246
16,7,1,3,247
16,8,1,3,248
16,9,1,3,249
16,10,1,3,250
16,11,1,3,251
16,12,1,3,252
16,13,1,3,252
16,14,1,3,253
16,15,1,3,254
16,16,1,3,254
16,17,1,3,254
16,18,1,3,254
16,19,1,3,254
16,20,1,3,254
16,21,1,3,254
16,22,1,3,254
16,23,0,3,254
16,24,0,3,253
16,25,0,3,253
16,26,0,3,252
16,27,0,3,251
16,28,0,3,250
16,29,0,3,249
16,30,0,3,248
16,31,0,3,247
16,32,0,3,246
16,33,0,3,245
16,34,0,3,243
16,35,0,3,242
16,36,0,3,241
16,37,0,3,239
16,38,0,3,238
16,39,0,3,236
16,40,0,3,235
16,41,0,3,233
16,42,0,3,232
16,43,0,3,230
16,44,0,3,228
16,45,0,3,227
16,46,0,3,225
16,47,0,3,224
16,48,0,3,223
16,49,0,3,221
16,50,0,3,220
16,51,0,3,219
16,52,0,3,217
16,53,0,3,216
16,54,0,3,215
16,55,0,3,214
16,56,0,3,213
16,57,0,3,212
16,58,0,3,212
16,59,0,3,211
16,60,0,3,210
16,61,0,3,210
16,62,0,3,210
16,63,0,3,209
16,64,0,3,209
16,65,0,3,209
16,66,0,3,209
16,67,1,3,209
16,68,1,3,210
16,69,1,3,210
16,70,1,3,210
16,71,1,3,211
16,72,1,3,212
16,73,1,3,212
16,74,1,3,213
16,75,1,3,214
16,76,1,3,215
16,77,1,3,216
16,78,1,3,218
16,79,1,3,219
16,80,1,3,220
16,81,1,3,221
16,82,1,3,223
16,83,1,3,224
16,84,1,3,226
16,85,1,3,227
16,86,1,3,229
16,87,1,3,230
16,88,1,3,232
16,89,1,3,233
16,90,1,3,235
16,91,1,3,236
16,92,1,3,238
16,93,1,3,239
16,94,1,3,241
16,95,1,3,242
16,96,1,3,243
16,97,1,3,245
16,98,1,3,246
16,99,1,3,247
16,100,1,3,248
16,101,1,3,249
16,102,1,3,250
16,103,1,3,251
16,104,1,3,251
16,105,1,3,252
16,106,1,3,252
16,107,1,3,253
16,108,1,3,253
16,109,1,3,253
16,110,1,3,254
16,111,1,3,254
16,112,0,3,254
16,113,0,3,253
16,114,0,3,253
16,115,0,3,253
16,116,0,3,252
16,117,0,3,252
16,118,0,3,251
16,119,0,3,250
16,120,0,3,249
16,121,0,3,248
16,122,0,3,247
16,123,0,3,246
16,124,0,3,245
16,125,0,3,244
16,126,0,3,242
16,127,0,3,241
16,128,0,3,240
16,129,0,3,238
16,130,0,3,237
16,131,0,3,235
16,132,0,3,234
16,133,0,3,232
16,134,0,3,231
16,135,0,3,229
16,136,0,3,228
16,137,0,3,226
16,138,0,3,225
16,139,0,3,224
16,140,0,3,222
16,141,0,3,221
16,142,0,3,220
16,143,0,3,218
16,144,0,3,217
16,145,0,3,216
16,146,0,3,215
16,147,0,3,214
16,148,0,3,213
16,149,0,3,213
16,150,0,3,212
16,151,0,3,211
16,152,0,3,211
16,153,0,3,210
16,154,0,3,210
16,155,0,3,210
16,156,0,3,210
16,157,0,3,210
16,158,0,3,210
16,159,0,3,210
16,160,1,3,210
16,161,1,3,211
16,162,1,3,211
16,163,1,3,212
16,164,1,3,213
16,165,1,3,214
16,166,1,3,214
16,167,1,3,215
16,168,1,3,216
16,169,1,3,218
16,170,1,3,219
16,171,1,3,220
16,172,1,3,221
16,173,1,3,223
16,174,1,3,224
16,175,1,3,225
16,176,1,3,227
16,177,1,3,228
16,178,1,3,230
16,179,1,3,231
16,180,1,3,233
16,181,1,3,234
16,182,1,3,236
16,183,1,3,237
16,184,1,3,238
16,185,1,3,240
16,186,1,3,241
16,187,1,3,242
16,188,1,3,244
16,189,1,3,245
16,190,1,3,246
16,191,1,3,247
16,192,1,3,248
16,193,1,3,249
16,194,1,3,250
16,195,1,3,250
16,196,1,3,251
16,197,1,3,252
16,198,1,3,252
16,199,1,3,252
16,200,1,3,253
16,201,1,3,253
16,202,1,3,253
16,203,1,3,253
16,204,0,3,253
16,205,0,3,252
16,206,0,3,252
16,207,0,3,252
16,208,0,3,251
16,209,0,3,250
16,210,0,3,250
16,211,0,3,249
16,212,0,3,248
16,213,0,3,247
16,214,0,3,246
16,215,0,3,245
16,216,0,3,244
16,217,0,3,242
16,218,0,3,241
16,219,0,3,240
16,220,0,3,239
16,221,0,3,237
16,222,0,3,236
16,223,0,3,234
16,224,0,3,233
16,225,0,3,231
16,226,0,3,230
16,227,0,3,229
16,228,0,3,227
16,229,0,3,226
16,230,0,3,224
16,231,0,3,223
16,232,0,3,222
16,233,0,3,220
16,234,0,3,219
16,235,0,3,218
16,236,0,3,217
16,237,0,3,216
16,238,0,3,215
16,239,0,3,214
16,240,0,3,214
16,241,0,3,213
16,242,0,3,212
16,243,0,3,212
16,244,0,3,211
16,245,0,3,211
16,246,0,3,211
16,247,0,3,211
16,248,0,3,211
16,249,0,3,211
16,250,0,3,211
16,251,1,3,211
16,252,1,3,212
16,253,1,3,212
16,254,1,3,213
16,255,1,3,213
17,0,1,3,214
17,1,1,3,215
17,2,1,3,216
17,3,1,3,217
17,4,1,3,218
17,5,1,3,219
17,6,1,3,220
17,7,1,3,221
17,8,1,3,222
17,9,1,3,224
17,10,1,3,225
17,11,1,3,226
17,12,1,3,228
17,13,1,3,229
17,14,1,3,231
17,15,1,3,232
17,16,1,3,233
17,17,1,3,235
17,18,1,3,236
17,19,1,3,238
17,20,1,3,239
17,21,1,3,240
17,22,1,3,241
17,23,1,3,243
17,24,1,3,244
17,25,1,3,245
17,26,1,3,246
17,27,1,3,247
17,28,1,3,248
17,29,1,3,249
17,30,1,3,249
17,31,1,3,250
17,32,1,3,251
17,33,1,3,251
17,34,1,3,251
17,35,1,3,252
17,36,1,3,252
17,37,1,3,252
17,38,1,3,252
17,39,1,3,252
17,40,0,3,252
17,41,0,3,251
17,42,0,3,251
17,43,0,3,251
17,44,0,3,250
17,45,0,3,249
17,46,0,3,249
17,47,0,3,248
17,48,0,3,247
17,49,0,3,246
17,50,0,3,245
17,51,0,3,244
17,52,0,3,243
17,53,0,3,242
17,54,0,3,240
17,55,0,3,239
17,56,0,3,238
17,57,0,3,236
17,58,0,3,235
17,59,0,3,234
17,60,0,3,232
17,61,0,3,231
17,62,0,3,230
17,63,0,3,228
17,64,0,3,227
17,65,0,3,225
17,66,0,3,224
17,67,0,3,223
17,68,0,3,222
17,69,0,3,220
17,70,0,3,219
17,71,0,3,218
17,72,0,3,217
17,73,0,3,216
17,74,0,3,215
17,75,0,3,215
17,76,0,3,214
17,77,0,3,213
17,78,0,3,213
17,79,0,3,212
17,80,0,3,212
17,81,0,3,212
17,82,0,3,212
17,83,0,3,212
17,84,0,3,212
17,85,0,3,212
17,86,0,3,212
17,87,0,3,212
17,88,1,3,212
17,89,1,3,213
17,90,1,3,214
17,91,1,3,214
17,92,1,3,215
17,93,1,3,216
17,94,1,3,217
17,95,1,3,218
17,96,1,3,219
17,97,1,3,220
17,98,1,3,221
17,99,1,3,222
17,100,1,3,223
17,101,1,3,224
17,102,1,3,226
17,103,1,3,227
17,104,1,3,228
17,105,1,3,230
17,106,1,3,231
17,107,1,3,232
17,108,1,3,234
17,109,1,3,235
17,110,1,3,236
17,111,1,3,238
17,112,1,3,239
17,113,1,3,240
17,114,1,3,241
17,115,1,3,243
17,116,1,3,244
17,117,1,3,245
17,118,1,3,246
17,119,1,3,247
17,120,1,3,247
17,121,1,3,248
17,122,1,3,249
17,123,1,3,249
17,124,1,3,250
17,125,1,3,250
17,126,1,3,251
17,127,1,3,251
17,128,1,3,251
17,129,1,3,251
17,130,1,3,251
17,131,1,3,251
17,132,0,3,251
17,133,0,3,250
17,134,0,3,250
17,135,0,3,250
17,136,0,3,249
17,137,0,3,248
17,138,0,3,248
17,139,0,3,247
17,140,0,3,246
17,141,0,3,245
17,142,0,3,244
17,143,0,3,243
17,144,0,3,242
17,145,0,3,241
17,146,0,3,239
17,147,0,3,238
17,148,0,3,237
17,149,0,3,236
17,150,0,3,234
17,151,0,3,233
17,152,0,3,232
17,153,0,3,230
17,154,0,3,229
17,155,0,3,228
17,156,0,3,226
17,157,0,3,225
17,158,0,3,224
17,159,0,3,223
17,160,0,3,221
17,161,0,3,220
17,162,0,3,219
17,163,0,3,218
17,164,0,3,217
17,165,0,3,216
17,166,0,3,216
17,167,0,3,215
17,168,0,3,214
17,169,0,3,214
17,170,0,3,213
17,171,0,3,213
17,172,0,3,213
17,173,0,3,212
17,174,0,3,212
17,175,0,3,212
17,176,0,3,212
17,177,1,3,212
17,178,1,3,213
17,179,1,3,213
17,180,1,3,214
17,181,1,3,214
17,182,1,3,215
17,183,1,3,215
17,184,1,3,216
17,185,1,3,217
17,186,1,3,218
17,187,1,3,219
17,188,1,3,220
17,189,1,3,221
17,190,1,3,222
17,191,1,3,223
17,192,1,3,224
17,193,1,3,226
17,194,1,3,227
17,195,1,3,228
17,196,1,3,229
17,197,1,3,231
17,198,1,3,232
17,199,1,3,233
17,200,1,3,235
17,201,1,3,236
17,202,1,3,237
17,203,1,3,238
17,204,1,3,240
17,205,1,3,241
17,206,1,3,242
17,207,1,3,243
17,208,1,3,244
17,209,1,3,245
17,210,1,3,246
17,211,1,3,247
17,212,1,3,247
17,213,1,3,248
17,214,1,3,249
17,215,1,3,249
17,216,1,3,250
17,217,1,3,250
17,218,1,3,250
17,219,1,3,250
17,220,1,3,250
17,221,1,3,250
17,222,1,3,250
17,223,1,3,250
17,224,0,3,250
17,225,0,3,249
17,226,0,3,249
17,227,0,3,248
17,228,0,3,248
17,229,0,3,247
17,230,0,3,246
17,231,0,3,246
17,232,0,3,245
17,233,0,3,244
17,234,0,3,243
17,235,0,3,242
17,236,0,3,241
17,237,0,3,239
17,238,0,3,238
17,239,0,3,237
17,240,0,3,236
17,241,0,3,234
17,242,0,3,233
17,243,0,3,232
17,244,0,3,231
17,245,0,3,229
17,246,0,3,228
17,247,0,3,227
17,248,0,3,226
17,249,0,3,224
17,250,0,3,223
17,251,0,3,222
17,252,0,3,221
17,253,0,3,220
17,254,0,3,219
17,255,0,3,218
18,0,0,3,217
18,1,0,3,217
18,2,0,3,216
18,3,0,3,215
18,4,0,3,215
18,5,0,3,214
18,6,0,3,214
18,7,0,3,214
18,8,0,3,213
18,9,0,3,213
18,10,0,3,213
18,11,0,3,213
18,12,0,3,213
18,13,1,3,213
18,14,1,3,214
18,15,1,3,214
18,16,1,3,215
18,17,1,3,215
18,18,1,3,216
18,19,1,3,216
18,20,1,3,217
18,21,1,3,218
18,22,1,3,219
18,23,1,3,220
18,24,1,3,221
18,25,1,3,222
18,26,1,3,223
18,27,1,3,224
18,28,1,3,225
18,29,1,3,226
18,30,1,3,228
18,31,1,3,229
18,32,1,3,230
18,33,1,3,231
18,34,1,3,233
18,35,1,3,234
18,36,1,3,235
18,37,1,3,236
18,38,1,3,238
18,39,1,3,239
18,40,1,3,240
18,41,1,3,241
18,42,1,3,242
18,43,1,3,243
18,44,1,3,244
18,45,1,3,245
18,46,1,3,246
18,47,1,3,246
18,48,1,3,247
18,49,1,3,248
18,50,1,3,248
18,51,1,3,249
18,52,1,3,249
18,53,1,3,249
18,54,1,3,249
18,55,1,3,249
18,56,1,3,250
18,57,0,3,250
18,58,0,3,249
18,59,0,3,249
18,60,0,3,249
18,61,0,3,248
18,62,0,3,248
18,63,0,3,248
18,64,0,3,247
18,65,0,3,246
18,66,0,3,245
18,67,0,3,245
18,68,0,3,244
18,69,0,3,243
18,70,0,3,242
18,71,0,3,241
18,72,0,3,240
18,73,0,3,239
18,74,0,3,237
18,75,0,3,236
18,76,0,3,235
18,77,0,3,234
18,78,0,3,233
18,79,0,3,231
18,80,0,3,230
18,81,0,3,229
18,82,0,3,228
18,83,0,3,227
18,84,0,3,225
18,85,0,3,224
18,86,0,3,223
18,87,0,3,222
18,88,0,3,221
18,89,0,3,220
18,90,0,3,219
18,91,0,3,218
18,92,0,3,218
18,93,0,3,217
18,94,0,3,216
18,95,0,3,216
18,96,0,3,215
18,97,0,3,215
18,98,0,3,214
18,99,0,3,214
18,100,0,3,214
18,101,0,3,214
18,102,0,3,214
18,103,0,3,214
18,104,0,3,214
18,105,1,3,214
18,106,1,3,215
18,107,1,3,215
18,108,1,3,216
18,109,1,3,216
18,110,1,3,217
18,111,1,3,217
18,112,1,3,218
18,113,1,3,219
18,114,1,3,220
18,115,1,3,221
18,116,1,3,222
18,117,1,3,223
18,118,1,3,224
18,119,1,3,225
18,120,1,3,226
18,121,1,3,227
18,122,1,3,228
18,123,1,3,230
18,124,1,3,231
18,125,1,3,232
18,126,1,3,233
18,127,1,3,234
18,128,1,3,235
18,129,1,3,237
18,130,1,3,238
18,131,1,3,239
18,132,1,3,240
18,133,1,3,241
18,134,1,3,242
18,135,1,3,243
18,136,1,3,244
18,137,1,3,245
18,138,1,3,245
18,139,1,3,246
18,140,1,3,247
18,141,1,3,247
18,142,1,3,248
18,143,1,3,248
18,144,1,3,248
18,145,1,3,248
18,146,1,3,249
18,147,1,3,249
18,148,1,3,249
18,149,1,3,249
18,150,0,3,249
18,151,0,3,248
18,152,0,3,248
18,153,0,3,248
18,154,0,3,247
18,155,0,3,246
18,156,0,3,246
18,157,0,3,245
18,158,0,3,244
18,159,0,3,244
18,160,0,3,243
18,161,0,3,242
18,162,0,3,241
18,163,0,3,240
18,164,0,3,239
18,165,0,3,238
18,166,0,3,237
18,167,0,3,235
18,168,0,3,234
18,169,0,3,233
18,170,0,3,232
18,171,0,3,231
18,172,0,3,230
18,173,0,3,228
18,174,0,3,227
18,175,0,3,226
18,176,0,3,225
18,177,0,3,224
18,178,0,3,223
18,179,0,3,222
18,180,0,3,221
18,181,0,3,220
18,182,0,3,219
18,183,0,3,219
18,184,0,3,218
18,185,0,3,217
18,186,0,3,217
18,187,0,3,216
18,188,0,3,216
18,189,0,3,215
18,190,0,3,215
18,191,0,3,215
18,192,0,3,215
18,193,0,3,215
18,194,0,3,215
18,195,0,3,215
18,196,0,3,215
18,197,1,3,215
18,198,1,3,216
18,199,1,3,216
18,200,1,3,217
18,201,1,3,217
18,202,1,3,218
18,203,1,3,219
18,204,1,3,219
18,205,1,3,220
18,206,1,3,221
18,207,1,3,222
18,208,1,3,223
18,209,1,3,224
18,210,1,3,225
18,211,1,3,226
18,212,1,3,227
18,213,1,3,228
18,214,1,3,229
18,215,1,3,230
18,216,1,3,232
18,217,1,3,233
18,218,1,3,234
18,219,1,3,235
18,220,1,3,236
18,221,1,3,237
18,222,1,3,238
18,223,1,3,239
18,224,1,3,240
18,225,1,3,241
18,226,1,3,242
18,227,1,3,243
18,228,1,3,244
18,229,1,3,244
18,230,1,3,245
18,231,1,3,246
18,232,1,3,246
18,233,1,3,247
18,234,1,3,247
18,235,1,3,247
18,236,1,3,248
18,237,1,3,248
18,238,1,3,248
18,239,1,3,248
18,240,1,3,248
18,241,1,3,248
18,242,0,3,248
18,243,0,3,247
18,244,0,3,247
18,245,0,3,246
18,246,0,3,246
18,247,0,3,245
18,248,0,3,245
18,249,0,3,244
18,250,0,3,243
18,251,0,3,242
18,252,0,3,242
18,253,0,3,241
18,254,0,3,240
18,255,0,3,239
19,0,0,3,238
19,1,0,3,237
19,2,0,3,236
19,3,0,3,234
19,4,0,3,233
19,5,0,3,232
19,6,0,3,231
19,7,0,3,230
19,8,0,3,229
19,9,0,3,228
19,10,0,3,227
19,11,0,3,226
19,12,0,3,225
19,13,0,3,224
19,14,0,3,223
19,15,0,3,222
19,16,0,3,221
19,17,0,3,220
19,18,0,3,219
19,19,0,3,219
19,20,0,3,218
19,21,0,3,218
19,22,0,3,217
19,23,0,3,217
19,24,0,3,216
19,25,0,3,216
19,26,0,3,216
19,27,0,3,216
19,28,0,3,216
19,29,0,3,216
19,30,0,3,216
19,31,0,3,216
19,32,0,3,216
19,33,1,3,216
19,34,1,3,217
19,35,1,3,217
19,36,1,3,218
19,37,1,3,218
19,38,1,3,219
19,39,1,3,220
19,40,1,3,220
19,41,1,3,221
19,42,1,3,222
19,43,1,3,223
19,44,1,3,224
19,45,1,3,225
19,46,1,3,226
19,47,1,3,227
19,48,1,3,228
19,49,1,3,229
19,50,1,3,230
19,51,1,3,231
19,52,1,3,232
19,53,1,3,233
19,54,1,3,234
19,55,1,3,235
19,56,1,3,236
19,57,1,3,237
19,58,1,3,238
19,59,1,3,239
19,60,1,3,240
19,61,1,3,241
19,62,1,3,242
19,63,1,3,243
19,64,1,3,243
19,65,1,3,244
19,66,1,3,245
19,67,1,3,245
19,68,1,3,246
19,69,1,3,246
19,70,1,3,246
19,71,1,3,247
19,72,1,3,247
19,73,1,3,247
19,74,1,3,247
19,75,1,3,247
19,76,1,3,247
19,77,1,3,247
19,78,0,3,247
19,79,0,3,246
19,80,0,3,246
19,81,0,3,246
19,82,0,3,245
19,83,0,3,244
19,84,0,3,244
19,85,0,3,243
19,86,0,3,242
19,87,0,3,242
19,88,0,3,241
19,89,0,3,240
19,90,0,3,239
19,91,0,3,238
19,92,0,3,237
19,93,0,3,236
19,94,0,3,235
19,95,0,3,234
19,96,0,3,233
19,97,0,3,232
19,98,0,3,231
19,99,0,3,230
19,100,0,3,229
19,101,0,3,228
19,102,0,3,227
19,103,0,3,226
19,104,0,3,225
19,105,0,3,224
19,106,0,3,223
19,107,0,3,222
19,108,0,3,221
19,109,0,3,220
19,110,0,3,220
19,111,0,3,219
19,112,0,3,219
19,113,0,3,218
19,114,0,3,218
19,115,0,3,217
19,116,0,3,217
19,117,0,3,217
19,118,0,3,216
19,119,0,3,216
19,120,0,3,216
19,121,0,3,216
19,122,1,3,216
19,123,1,3,217
19,124,1,3,217
19,125,1,3,217
19,126,1,3,218
19,127,1,3,218
19,128,1,3,219
19,129,1,3,219
19,130,1,3,220
19,131,1,3,220
19,132,1,3,221
19,133,1,3,222
19,134,1,3,223
19,135,1,3,224
19,136,1,3,225
19,137,1,3,226
19,138,1,3,227
19,139,1,3,228
19,140,1,3,229
19,141,1,3,230
19,142,1,3,231
19,143,1,3,232
19,144,1,3,233
19,145,1,3,234
19,146,1,3,235
19,147,1,3,236
19,148,1,3,237
19,149,1,3,238
19,150,1,3,239
19,151,1,3,239
19,152,1,3,240
19,153,1,3,241
19,154,1,3,242
19,155,1,3,243
19,156,1,3,243
19,157,1,3,244
19,158,1,3,244
19,159,1,3,245
19,160,1,3,245
19,161,1,3,246
19,162,1,3,246
19,163,1,3,246
19,164,1,3,246
19,165,1,3,246
19,166,1,3,246
19,167,1,3,246
19,168,1,3,246
19,169,1,3,246
19,170,0,3,246
19,171,0,3,245
19,172,0,3,245
19,173,0,3,244
19,174,0,3,244
19,175,0,3,243
19,176,0,3,243
19,177,0,3,242
19,178,0,3,241
19,179,0,3,240
19,180,0,3,240
19,181,0,3,239
19,182,0,3,238
19,183,0,3,237
19,184,0,3,236
19,185,0,3,235
19,186,0,3,234
19,187,0,3,233
19,188,0,3,232
19,189,0,3,231
19,190,0,3,230
19,191,0,3,229
19,192,0,3,228
19,193,0,3,227
19,194,0,3,226
19,195,0,3,225
19,196,0,3,224
19,197,0,3,223
19,198,0,3,223
19,199,0,3,222
19,200,0,3,221
19,201,0,3,220
19,202,0,3,220
19,203,0,3,219
19,204,0,3,219
19,205,0,3,218
19,206,0,3,218
19,207,0,3,218
19,208,0,3,217
19,209,0,3,217
19,210,0,3,217
19,211,0,3,217
19,212,0,3,217
19,213,0,3,217
19,214,1,3,217
19,215,1,3,218
19,216,1,3,218
19,217,1,3,218
19,218,1,3,219
19,219,1,3,219
19,220,1,3,220
19,221,1,3,220
19,222,1,3,221
19,223,1,3,222
19,224,1,3,222
19,225,1,3,223
19,226,1,3,224
19,227,1,3,225
19,228,1,3,226
19,229,1,3,227
19,230,1,3,228
19,231,1,3,228
19,232,1,3,229
19,233,1,3,230
19,234,1,3,231
19,235,1,3,232
19,236,1,3,233
19,237,1,3,234
19,238,1,3,235
19,239,1,3,236
19,240,1,3,237
19,241,1,3,238
19,242,1,3,239
19,243,1,3,240
19,244,1,3,240
19,245,1,3,241
19,246,1,3,242
19,247,1,3,242
19,248,1,3,243
19,249,1,3,244
19,250,1,3,244
19,251,1,3,244
19,252,1,3,245
19,253,1,3,245
19,254,1,3,245
19,255,1,3,245
20,0,1,3,246
20,1,1,3,246
20,2,0,3,246
20,3,0,3,245
20,4,0,3,245
20,5,0,3,245
20,6,0,3,245
20,7,0,3,244
20,8,0,3,244
20,9,0,3,243
20,10,0,3,243
20,11,0,3,242
20,12,0,3,242
20,13,0,3,241
20,14,0,3,240
20,15,0,3,239
20,16,0,3,239
20,17,0,3,238
20,18,0,3,237
20,19,0,3,236
20,20,0,3,235
20,21,0,3,234
20,22,0,3,233
20,23,0,3,232
20,24,0,3,231
20,25,0,3,230
20,26,0,3,230
20,27,0,3,229
20,28,0,3,228
20,29,0,3,227
20,30,0,3,226
20,31,0,3,225
20,32,0,3,224
20,33,0,3,223
20,34,0,3,223
20,35,0,3,222
20,36,0,3,221
20,37,0,3,221
20,38,0,3,220
20,39,0,3,220
20,40,0,3,219
20,41,0,3,219
20,42,0,3,219
20,43,0,3,218
20,44,0,3,218
20,45,0,3,218
20,46,0,3,218
20,47,0,3,218
20,48,0,3,218
20,49,0,3,218
20,50,0,3,218
20,51,1,3,218
20,52,1,3,219
20,53,1,3,219
20,54,1,3,220
20,55,1,3,220
20,56,1,3,221
20,57,1,3,221
20,58,1,3,222
20,59,1,3,222
20,60,1,3,223
20,61,1,3,224
20,62,1,3,225
20,63,1,3,226
20,64,1,3,226
20,65,1,3,227
20,66,1,3,228
20,67,1,3,229
20,68,1,3,230
20,69,1,3,231
20,70,1,3,232
20,71,1,3,233
20,72,1,3,234
20,73,1,3,235
20,74,1,3,235
20,75,1,3,236
20,76,1,3,237
20,77,1,3,238
20,78,1,3,239
20,79,1,3,240
20,80,1,3,240
20,81,1,3,241
20,82,1,3,242
20,83,1,3,242
20,84,1,3,243
20,85,1,3,243
20,86,1,3,244
20,87,1,3,244
20,88,1,3,244
20,89,1,3,244
20,90,1,3,245
20,91,1,3,245
20,92,1,3,245
20,93,1,3,245
20,94,1,3,245
20,95,0,3,245
20,96,0,3,244
20,97,0,3,244
20,98,0,3,244
20,99,0,3,243
20,100,0,3,243
20,101,0,3,243
20,102,0,3,242
20,103,0,3,241
20,104,0,3,241
20,105,0,3,240
20,106,0,3,239
20,107,0,3,239
20,108,0,3,238
20,109,0,3,237
20,110,0,3,236
20,111,0,3,235
20,112,0,3,235
20,113,0,3,234
20,114,0,3,233
20,115,0,3,232
20,116,0,3,231
20,117,0,3,230
20,118,0,3,229
20,119,0,3,228
20,120,0,3,227
20,121,0,3,227
20,122,0,3,226
20,123,0,3,225
20,124,0,3,224
20,125,0,3,224
20,126,0,3,223
20,127,0,3,222
20,128,0,3,222
20,129,0,3,221
20,130,0,3,221
20,131,0,3,220
20,132,0,3,220
20,133,0,3,219
20,134,0,3,219
20,135,0,3,219
20,136,0,3,219
20,137,0,3,219
20,138,0,3,219
20,139,0,3,219
20,140,0,3,219
20,141,0,3,219
20,142,0,3,219
20,143,1,3,219
20,144,1,3,220
20,145,1,3,220
20,146,1,3,221
20,147,1,3,221
20,148,1,3,222
20,149,1,3,222
20,150,1,3,223
20,151,1,3,223
20,152,1,3,224
20,153,1,3,225
20,154,1,3,226
20,155,1,3,226
20,156,1,3,227
20,157,1,3,228
20,158,1,3,229
20,159,1,3,230
20,160,1,3,231
20,161,1,3,232
20,162,1,3,232
20,163,1,3,233
20,164,1,3,234
20,165,1,3,235
20,166,1,3,236
20,167,1,3,237
20,168,1,3,237
20,169,1,3,238
20,170,1,3,239
20,171,1,3,240
20,172,1,3,240
20,173,1,3,241
20,174,1,3,241
20,175,1,3,242
20,176,1,3,242
20,177,1,3,243
20,178,1,3,243
20,179,1,3,243
20,180,1,3,244
20,181,1,3,244
20,182,1,3,244
20,183,1,3,244
20,184,1,3,244
20,185,1,3,244
20,186,1,3,244
20,187,0,3,244
20,188,0,3,243
20,189,0,3,243
20,190,0,3,243
20,191,0,3,242
20,192,0,3,242
20,193,0,3,242
20,194,0,3,241
20,195,0,3,240
20,196,0,3,240
20,197,0,3,239
20,198,0,3,238
20,199,0,3,238
20,200,0,3,237
20,201,0,3,236
20,202,0,3,235
20,203,0,3,235
20,204,0,3,234
20,205,0,3,233
20,206,0,3,232
20,207,0,3,231
20,208,0,3,230
20,209,0,3,229
20,210,0,3,229
20,211,0,3,228
20,212,0,3,227
20,213,0,3,226
20,214,0,3,226
20,215,0,3,225
20,216,0,3,224
20,217,0,3,224
20,218,0,3,223
20,219,0,3,222
20,220,0,3,222
20,221,0,3,221
20,222,0,3,221
20,223,0,3,221
20,224,0,3,220
20,225,0,3,220
20,226,0,3,220
20,227,0,3,220
20,228,0,3,220
20,229,0,3,219
20,230,0,3,219
20,231,1,3,220
20,232,1,3,220
20,233,1,3,220
20,234,1,3,220
20,235,1,3,220
20,236,1,3,221
20,237,1,3,221
20,238,1,3,222
20,239,1,3,222
20,240,1,3,223
20,241,1,3,223
20,242,1,3,224
20,243,1,3,224
20,244,1,3,225
20,245,1,3,226
20,246,1,3,227
20,247,1,3,227
20,248,1,3,228
20,249,1,3,229
20,250,1,3,230
20,251,1,3,231
20,252,1,3,231
20,253,1,3,232
20,254,1,3,233
20,255,1,3,234
21,0,1,3,235
21,1,1,3,235
21,2,1,3,236
21,3,1,3,237
21,4,1,3,238
21,5,1,3,238
21,6,1,3,239
21,7,1,3,240
21,8,1,3,240
21,9,1,3,241
21,10,1,3,241
21,11,1,3,242
21,12,1,3,242
21,13,1,3,242
21,14,1,3,243
21,15,1,3,243
21,16,1,3,243
21,17,1,3,243
21,18,1,3,243
21,19,1,3,243
21,20,1,3,243
21,21,1,3,243
21,22,1,3,243
21,23,1,3,243
21,24,0,3,243
21,25,0,3,242
21,26,0,3,242
21,27,0,3,242
21,28,0,3,241
21,29,0,3,241
21,30,0,3,240
21,31,0,3,239
21,32,0,3,239
21,33,0,3,238
21,34,0,3,238
21,35,0,3,237
21,36,0,3,236
21,37,0,3,235
21,38,0,3,235
21,39,0,3,234
21,40,0,3,233
21,41,0,3,232
21,42,0,3,232
21,43,0,3,231
21,44,0,3,230
21,45,0,3,229
21,46,0,3,228
21,47,0,3,228
21,48,0,3,227
21,49,0,3,226
21,50,0,3,226
21,51,0,3,225
21,52,0,3,224
21,53,0,3,224
21,54,0,3,223
21,55,0,3,223
21,56,0,3,222
21,57,0,3,222
21,58,0,3,221
21,59,0,3,221
21,60,0,3,221
21,61,0,3,221
21,62,0,3,220
21,63,0,3,220
21,64,0,3,220
21,65,0,3,220
21,66,0,3,220
21,67,0,3,220
21,68,1,3,220
21,69,1,3,221
21,70,1,3,221
21,71,1,3,221
21,72,1,3,222
21,73,1,3,222
21,74,1,3,222
21,75,1,3,223
21,76,1,3,223
21,77,1,3,224
21,78,1,3,225
21,79,1,3,225
21,80,1,3,226
21,81,1,3,227
21,82,1,3,227
21,83,1,3,228
21,84,1,3,229
21,85,1,3,229
21,86,1,3,230
21,87,1,3,231
21,88,1,3,232
21,89,1,3,232
21,90,1,3,233
21,91,1,3,234
21,92,1,3,235
21,93,1,3,235
21,94,1,3,236
21,95,1,3,237
21,96,1,3,237
21,97,1,3,238
21,98,1,3,239
21,99,1,3,239
21,100,1,3,240
21,101,1,3,240
21,102,1,3,241
21,103,1,3,241
21,104,1,3,241
21,105,1,3,242
21,106,1,3,242
21,107,1,3,242
21,108,1,3,242
21,109,1,3,242
21,110,1,3,242
21,111,1,3,242
21,112,1,3,242
21,113,1,3,242
21,114,1,3,242
21,115,1,3,242
21,116,0,3,242
21,117,0,3,241
21,118,0,3,241
21,119,0,3,241
21,120,0,3,240
21,121,0,3,240
21,122,0,3,239
21,123,0,3,239
21,124,0,3,238
21,125,0,3,237
21,126,0,3,237
21,127,0,3,236
21,128,0,3,235
21,129,0,3,235
21,130,0,3,234
21,131,0,3,233
21,132,0,3,233
21,133,0,3,232
21,134,0,3,231
21,135,0,3,230
21,136,0,3,230
21,137,0,3,229
21,138,0,3,228
21,139,0,3,228
21,140,0,3,227
21,141,0,3,226
21,142,0,3,226
21,143,0,3,225
21,144,0,3,224
21,145,0,3,224
21,146,0,3,223
21,147,0,3,223
21,148,0,3,223
21,149,0,3,222
21,150,0,3,222
21,151,0,3,222
21,152,0,3,221
21,153,0,3,221
21,154,0,3,221
21,155,0,3,221
21,156,0,3,221
21,157,0,3,221
21,158,0,3,221
21,159,0,3,221
21,160,1,3,221
21,161,1,3,222
21,162,1,3,222
21,163,1,3,222
21,164,1,3,223
21,165,1,3,223
21,166,1,3,223
21,167,1,3,224
21,168,1,3,224
21,169,1,3,225
21,170,1,3,225
21,171,1,3,226
21,172,1,3,227
21,173,1,3,227
21,174,1,3,228
21,175,1,3,229
21,176,1,3,229
21,177,1,3,230
21,178,1,3,231
21,179,1,3,232
21,180,1,3,232
21,181,1,3,233
21,182,1,3,234
21,183,1,3,234
21,184,1,3,235
21,185,1,3,236
21,186,1,3,236
21,187,1,3,237
21,188,1,3,238
21,189,1,3,238
21,190,1,3,239
21,191,1,3,239
21,192,1,3,240
21,193,1,3,240
21,194,1,3,240
21,195,1,3,241
21,196,1,3,241
21,197,1,3,241
21,198,1,3,241
21,199,1,3,242
21,200,1,3,242
21,201,1,3,242
21,202,1,3,242
21,203,1,3,242
21,204,0,3,242
21,205,0,3,241
21,206,0,3,241
21,207,0,3,241
21,208,0,3,241
21,209,0,3,240
21,210,0,3,240
21,211,0,3,240
21,212,0,3,239
21,213,0,3,239
21,214,0,3,238
21,215,0,3,238
21,216,0,3,237
21,217,0,3,237
21,218,0,3,236
21,219,0,3,235
21,220,0,3,235
21,221,0,3,234
21,222,0,3,233
21,223,0,3,233
21,224,0,3,232
21,225,0,3,231
21,226,0,3,231
21,227,0,3,230
21,228,0,3,229
21,229,0,3,229
21,230,0,3,228
21,231,0,3,227
21,232,0,3,227
21,233,0,3,226
21,234,0,3,226
21,235,0,3,225
21,236,0,3,225
21,237,0,3,224
21,238,0,3,224
21,239,0,3,223
21,240,0,3,223
21,241,0,3,223
21,242,0,3,222
21,243,0,3,222
21,244,0,3,222
21,245,0,3,222
21,246,0,3,222
21,247,0,3,222
21,248,0,3,222
21,249,0,3,222
21,250,0,3,222
21,251,0,3,222
21,252,1,3,222
21,253,1,3,223
21,254,1,3,223
21,255,1,3,223
22,0,1,3,224
22,1,1,3,224
22,2,1,3,224
22,3,1,3,225
22,4,1,3,225
22,5,1,3,226
22,6,1,3,226
22,7,1,3,227
22,8,1,3,228
22,9,1,3,228
22,10,1,3,229
22,11,1,3,229
22,12,1,3,230
22,13,1,3,231
22,14,1,3,231
22,15,1,3,232
22,16,1,3,233
22,17,1,3,233
22,18,1,3,234
22,19,1,3,235
22,20,1,3,235
22,21,1,3,236
22,22,1,3,236
22,23,1,3,237
22,24,1,3,237
22,25,1,3,238
22,26,1,3,238
22,27,1,3,239
22,28,1,3,239
22,29,1,3,240
22,30,1,3,240
22,31,1,3,240
22,32,1,3,240
22,33,1,3,241
22,34,1,3,241
22,35,1,3,241
22,36,1,3,241
22,37,1,3,241
22,38,1,3,241
22,39,1,3,241
22,40,1,3,241
22,41,0,3,241
22,42,0,3,240
22,43,0,3,240
22,44,0,3,240
22,45,0,3,240
22,46,0,3,239
22,47,0,3,239
22,48,0,3,238
22,49,0,3,238
22,50,0,3,237
22,51,0,3,237
22,52,0,3,236
22,53,0,3,236
22,54,0,3,235
22,55,0,3,235
22,56,0,3,234
22,57,0,3,233
22,58,0,3,233
22,59,0,3,232
22,60,0,3,232
22,61,0,3,231
22,62,0,3,230
22,63,0,3,230
22,64,0,3,229
22,65,0,3,228
22,66,0,3,228
22,67,0,3,227
22,68,0,3,227
22,69,0,3,226
22,70,0,3,226
22,71,0,3,225
22,72,0,3,225
22,73,0,3,224
22,74,0,3,224
22,75,0,3,224
22,76,0,3,223
22,77,0,3,223
22,78,0,3,223
22,79,0,3,223
22,80,0,3,223
22,81,0,3,223
22,82,0,3,223
22,83,0,3,223
22,84,0,3,223
22,85,0,3,223
22,86,0,3,223
22,87,0,3,223
22,88,0,3,223
22,89,1,3,223
22,90,1,3,224
22,91,1,3,224
22,92,1,3,224
22,93,1,3,225
22,94,1,3,225
22,95,1,3,226
22,96,1,3,226
22,97,1,3,227
22,98,1,3,227
22,99,1,3,228
22,100,1,3,228
22,101,1,3,229
22,102,1,3,229
22,103,1,3,230
22,104,1,3,230
22,105,1,3,231
22,106,1,3,232
22,107,1,3,232
22,108,1,3,233
22,109,1,3,234
22,110,1,3,234
22,111,1,3,235
22,112,1,3,235
22,113,1,3,236
22,114,1,3,236
22,115,1,3,237
22,116,1,3,237
22,117,1,3,238
22,118,1,3,238
22,119,1,3,238
22,120,1,3,239
22,121,1,3,239
22,122,1,3,239
22,123,1,3,240
22,124,1,3,240
22,125,1,3,240
22,126,1,3,240
22,127,1,3,240
22,128,1,3,240
22,129,1,3,240
22,130,1,3,240
22,131,1,3,240
22,132,1,3,240
22,133,1,3,240
22,134,0,3,240
22,135,0,3,239
22,136,0,3,239
22,137,0,3,239
22,138,0,3,238
22,139,0,3,238
22,140,0,3,238
22,141,0,3,237
22,142,0,3,237
22,143,0,3,236
22,144,0,3,236
22,145,0,3,235
22,146,0,3,235
22,147,0,3,234
22,148,0,3,233
22,149,0,3,233
22,150,0,3,232
22,151,0,3,232
22,152,0,3,231
22,153,0,3,231
22,154,0,3,230
22,155,0,3,229
22,156,0,3,229
22,157,0,3,228
22,158,0,3,228
22,159,0,3,227
22,160,0,3,227
22,161,0,3,226
22,162,0,3,226
22,163,0,3,226
22,164,0,3,225
22,165,0,3,225
22,166,0,3,224
22,167,0,3,224
22,168,0,3,224
22,169,0,3,224
22,170,0,3,224
22,171,0,3,223
22,172,0,3,223
22,173,0,3,223
22,174,0,3,223
22,175,0,3,223
22,176,0,3,223
22,177,1,3,223
22,178,1,3,224
22,179,1,3,224
22,180,1,3,224
22,181,1,3,224
22,182,1,3,225
22,183,1,3,225
22,184,1,3,225
22,185,1,3,226
22,186,1,3,226
22,187,1,3,226
22,188,1,3,227
22,189,1,3,227
22,190,1,3,228
22,191,1,3,228
22,192,1,3,229
22,193,1,3,229
22,194,1,3,230
22,195,1,3,231
22,196,1,3,231
22,197,1,3,232
22,198,1,3,232
22,199,1,3,233
22,200,1,3,233
22,201,1,3,234
22,202,1,3,234
22,203,1,3,235
22,204,1,3,235
22,205,1,3,236
22,206,1,3,236
22,207,1,3,237
22,208,1,3,237
22,209,1,3,237
22,210,1,3,238
22,211,1,3,238
22,212,1,3,238
22,213,1,3,239
22,214,1,3,239
22,215,1,3,239
22,216,1,3,239
22,217,1,3,239
22,218,1,3,239
22,219,1,3,239
22,220,1,3,239
22,221,1,3,239
22,222,1,3,239
22,223,1,3,239
22,224,1,3,239
22,225,1,3,239
22,226,0,3,239
22,227,0,3,238
22,228,0,3,238
22,229,0,3,238
22,230,0,3,237
22,231,0,3,237
22,232,0,3,237
22,233,0,3,236
22,234,0,3,236
22,235,0,3,235
22,236,0,3,235
22,237,0,3,234
22,238,0,3,234
22,239,0,3,233
22,240,0,3,233
22,241,0,3,232
22,242,0,3,232
22,243,0,3,231
22,244,0,3,231
22,245,0,3,230
22,246,0,3,230
22,247,0,3,229
22,248,0,3,229
22,249,0,3,228
22,250,0,3,228
22,251,0,3,227
22,252,0,3,227
22,253,0,3,226
22,254,0,3,226
22,255,0,3,226
23,0,0,3,225
23,1,0,3,225
23,2,0,3,225
23,3,0,3,225
23,4,0,3,225
23,5,0,3,224
23,6,0,3,224
23,7,0,3,224
23,8,0,3,224
23,9,0,3,224
23,10,0,3,224
23,11,0,3,224
23,12,0,3,224
23,13,0,3,224
23,14,1,3,224
23,15,1,3,225
23,16,1,3,225
23,17,1,3,225
23,18,1,3,225
23,19,1,3,226
23,20,1,3,226
23,21,1,3,226
23,22,1,3,227
23,23,1,3,227
23,24,1,3,228
23,25,1,3,228
23,26,1,3,229
23,27,1,3,229
23,28,1,3,229
23,29,1,3,230
23,30,1,3,230
23,31,1,3,231
23,32,1,3,231
23,33,1,3,232
23,34,1,3,232
23,35,1,3,233
23,36,1,3,233
23,37,1,3,234
23,38,1,3,234
23,39,1,3,235
23,40,1,3,235
23,41,1,3,236
23,42,1,3,236
23,43,1,3,236
23,44,1,3,237
23,45,1,3,237
23,46,1,3,237
23,47,1,3,238
23,48,1,3,238
23,49,1,3,238
23,50,1,3,238
23,51,1,3,238
23,52,1,3,238
23,53,1,3,239
23,54,1,3,239
23,55,1,3,239
23,56,1,3,239
23,57,0,3,239
23,58,0,3,238
23,59,0,3,238
23,60,0,3,238
23,61,0,3,238
23,62,0,3,238
23,63,0,3,238
23,64,0,3,237
23,65,0,3,237
23,66,0,3,237
23,67,0,3,236
23,68,0,3,236
23,69,0,3,236
23,70,0,3,235
23,71,0,3,235
23,72,0,3,234
23,73,0,3,234
23,74,0,3,233
23,75,0,3,233
23,76,0,3,232
23,77,0,3,232
23,78,0,3,231
23,79,0,3,231
23,80,0,3,231
23,81,0,3,230
23,82,0,3,230
23,83,0,3,229
23,84,0,3,229
23,85,0,3,228
23,86,0,3,228
23,87,0,3,228
23,88,0,3,227
23,89,0,3,227
23,90,0,3,227
23,91,0,3,226
23,92,0,3,226
23,93,0,3,226
23,94,0,3,226
23,95,0,3,225
23,96,0,3,225
23,97,0,3,225
23,98,0,3,225
23,99,0,3,225
23,100,0,3,225
23,101,0,3,225
23,102,0,3,225
23,103,0,3,225
23,104,0,3,225
23,105,0,3,225
23,106,0,3,225
23,107,1,3,226
23,108,1,3,226
23,109,1,3,226
23,110,1,3,226
23,111,1,3,227
23,112,1,3,227
23,113,1,3,227
23,114,1,3,228
23,115,1,3,228
23,116,1,3,228
23,117,1,3,229
23,118,1,3,229
23,119,1,3,230
23,120,1,3,230
23,121,1,3,230
23,122,1,3,231
23,123,1,3,231
23,124,1,3,232
23,125,1,3,232
23,126,1,3,233
23,127,1,3,233
23,128,1,3,234
23,129,1,3,234
23,130,1,3,234
23,131,1,3,235
23,132,1,3,235
23,133,1,3,235
23,134,1,3,236
23,135,1,3,236
23,136,1,3,236
23,137,1,3,237
23,138,1,3,237
23,139,1,3,237
23,140,1,3,237
23,141,1,3,237
23,142,1,3,238
23,143,1,3,238
23,144,1,3,238
23,145,1,3,238
23,146,1,3,238
23,147,1,3,238
23,148,1,3,238
23,149,1,3,238
23,150,1,3,238
23,151,0,3,237
23,152,0,3,237
23,153,0,3,237
23,154,0,3,237
23,155,0,3,237
23,156,0,3,236
23,157,0,3,236
23,158,0,3,236
23,159,0,3,236
23,160,0,3,235
23,161,0,3,235
23,162,0,3,234
23,163,0,3,234
23,164,0,3,234
23,165,0,3,233
23,166,0,3,233
23,167,0,3,232
23,168,0,3,232
23,169,0,3,232
23,170,0,3,231
23,171,0,3,231
23,172,0,3,230
23,173,0,3,230
23,174,0,3,230
23,175,0,3,229
23,176,0,3,229
23,177,0,3,228
23,178,0,3,228
23,179,0,3,228
23,180,0,3,227
23,181,0,3,227
23,182,0,3,227
23,183,0,3,227
23,184,0,3,226
23,185,0,3,226
23,186,0,3,226
23,187,0,3,226
23,188,0,3,226
23,189,0,3,226
23,190,0,3,226
23,191,0,3,226
23,192,0,3,226
23,193,0,3,226
23,194,0,3,226
23,195,0,3,226
23,196,0,3,226
23,197,0,3,226
23,198,0,3,226
23,199,1,3,226
23,200,1,3,227
23,201,1,3,227
23,202,1,3,227
23,203,1,3,227
23,204,1,3,228
23,205,1,3,228
23,206,1,3,228
23,207,1,3,229
23,208,1,3,229
23,209,1,3,229
23,210,1,3,230
23,211,1,3,230
23,212,1,3,231
23,213,1,3,231
23,214,1,3,231
23,215,1,3,232
23,216,1,3,232
23,217,1,3,232
23,218,1,3,233
23,219,1,3,233
23,220,1,3,234
23,221,1,3,234
23,222,1,3,234
23,223,1,3,235
23,224,1,3,235
23,225,1,3,235
23,226,1,3,236
23,227,1,3,236
23,228,1,3,236
23,229,1,3,236
23,230,1,3,236
23,231,1,3,237
23,232,1,3,237
23,233,1,3,237
23,234,1,3,237
23,235,1,3,237
23,236,1,3,237
23,237,1,3,237
23,238,1,3,237
23,239,1,3,237
23,240,1,3,237
23,241,1,3,237
23,242,1,3,237
23,243,0,3,237
23,244,0,3,236
23,245,0,3,236
23,246,0,3,236
23,247,0,3,236
23,248,0,3,236
23,249,0,3,235
23,250,0,3,235
23,251,0,3,235
23,252,0,3,234
23,253,0,3,234
23,254,0,3,234
23,255,0,3,233
24,0,0,3,233
24,1,0,3,233
24,2,0,3,232
24,3,0,3,232
24,4,0,3,232
24,5,0,3,231
24,6,0,3,231
24,7,0,3,230
24,8,0,3,230
24,9,0,3,230
24,10,0,3,229
24,11,0,3,229
24,12,0,3,229
24,13,0,3,229
24,14,0,3,228
24,15,0,3,228
24,16,0,3,228
24,17,0,3,227
24,18,0,3,227
24,19,0,3,227
24,20,0,3,227
24,21,0,3,227
24,22,0,3,227
24,23,0,3,227
24,24,0,3,226
24,25,0,3,226
24,26,0,3,226
24,27,0,3,226
24,28,0,3,226
24,29,0,3,226
24,30,1,3,226
24,31,1,3,227
24,32,1,3,227
24,33,1,3,227
24,34,1,3,227
24,35,1,3,227
24,36,1,3,227
24,37,1,3,228
24,38,1,3,228
24,39,1,3,228
24,40,1,3,228
24,41,1,3,229
24,42,1,3,229
24,43,1,3,229
24,44,1,3,230
24,45,1,3,230
24,46,1,3,230
24,47,1,3,231
24,48,1,3,231
24,49,1,3,231
24,50,1,3,232
24,51,1,3,232
24,52,1,3,232
24,53,1,3,233
24,54,1,3,233
24,55,1,3,233
24,56,1,3,234
24,57,1,3,234
24,58,1,3,234
24,59,1,3,234
24,60,1,3,235
24,61,1,3,235
24,62,1,3,235
24,63,1,3,235
24,64,1,3,236
24,65,1,3,236
24,66,1,3,236
24,67,1,3,236
24,68,1,3,236
24,69,1,3,236
24,70,1,3,236
24,71,1,3,236
24,72,1,3,236
24,73,1,3,236
24,74,1,3,236
24,75,1,3,236
24,76,1,3,236
24,77,1,3,236
24,78,1,3,236
24,79,1,3,236
24,80,1,3,236
24,81,0,3,236
24,82,0,3,235
24,83,0,3,235
24,84,0,3,235
24,85,0,3,235
24,86,0,3,234
24,87,0,3,234
24,88,0,3,234
24,89,0,3,234
24,90,0,3,233
24,91,0,3,233
24,92,0,3,233
24,93,0,3,232
24,94,0,3,232
24,95,0,3,232
24,96,0,3,231
24,97,0,3,231
24,98,0,3,231
24,99,0,3,230
24,100,0,3,230
24,101,0,3,230
24,102,0,3,230
24,103,0,3,229
24,104,0,3,229
24,105,0,3,229
24,106,0,3,229
24,107,0,3,228
24,108,0,3,228
24,109,0,3,228
24,110,0,3,228
24,111,0,3,228
24,112,0,3,228
24,113,0,3,227
24,114,0,3,227
24,115,0,3,227
24,116,0,3,227
24,117,0,3,227
24,118,0,3,227
24,119,0,3,227
24,120,0,3,227
24,121,0,3,227
24,122,0,3,227
24,123,1,3,227
24,124,1,3,228
24,125,1,3,228
24,126,1,3,228
24,127,1,3,228
24,128,1,3,228
24,129,1,3,228
24,130,1,3,229
24,131,1,3,229
24,132,1,3,229
24,133,1,3,229
24,134,1,3,230
24,135,1,3,230
24,136,1,3,230
24,137,1,3,230
24,138,1,3,231
24,139,1,3,231
24,140,1,3,231
24,141,1,3,232
24,142,1,3,232
24,143,1,3,232
24,144,1,3,232
24,145,1,3,233
24,146,1,3,233
24,147,1,3,233
24,148,1,3,233
24,149,1,3,234
24,150,1,3,234
24,151,1,3,234
24,152,1,3,234
24,153,1,3,235
24,154,1,3,235
24,155,1,3,235
24,156,1,3,235
24,157,1,3,235
24,158,1,3,235
24,159,1,3,235
24,160,1,3,235
24,161,1,3,235
24,162,1,3,236
24,163,1,3,236
24,164,1,3,236
24,165,1,3,236
24,166,0,3,236
24,167,0,3,235
24,168,0,3,235
24,169,0,3,235
24,170,0,3,235
24,171,0,3,235
24,172,0,3,235
24,173,0,3,235
24,174,0,3,235
24,175,0,3,234
24,176,0,3,234
24,177,0,3,234
24,178,0,3,234
24,179,0,3,233
24,180,0,3,233
24,181,0,3,233
24,182,0,3,233
24,183,0,3,232
24,184,0,3,232
24,185,0,3,232
24,186,0,3,232
24,187,0,3,231
24,188,0,3,231
24,189,0,3,231
24,190,0,3,231
24,191,0,3,230
24,192,0,3,230
24,193,0,3,230
24,194,0,3,230
24,195,0,3,229
24,196,0,3,229
24,197,0,3,229
24,198,0,3,229
24,199,0,3,229
24,200,0,3,229
24,201,0,3,228
24,202,0,3,228
24,203,0,3,228
24,204,0,3,228
24,205,0,3,228
24,206,0,3,228
24,207,0,3,228
24,208,0,3,228
24,209,0,3,228
24,210,0,3,228
24,211,0,3,228
24,212,0,3,228
24,213,0,3,228
24,214,0,3,228
24,215,0,3,228
24,216,0,3,228
24,217,1,3,228
24,218,1,3,229
24,219,1,3,229
24,220,1,3,229
24,221,1,3,229
24,222,1,3,229
24,223,1,3,230
24,224,1,3,230
24,225,1,3,230
24,226,1,3,230
24,227,1,3,230
24,228,1,3,231
24,229,1,3,231
24,230,1,3,231
24,231,1,3,231
24,232,1,3,232
24,233,1,3,232
24,234,1,3,232
24,235,1,3,232
24,236,1,3,232
24,237,1,3,233
24,238,1,3,233
24,239,1,3,233
24,240,1,3,233
24,241,1,3,234
24,242,1,3,234
24,243,1,3,234
24,244,1,3,234
24,245,1,3,234
24,246,1,3,234
24,247,1,3,234
24,248,1,3,234
24,249,1,3,235
24,250,1,3,235
24,251,1,3,235
24,252,1,3,235
24,253,1,3,235
24,254,1,3,235
24,255,1,3,235
25,0,1,3,235
25,1,1,3,235
25,2,1,3,235
25,3,1,3,235
25,4,0,3,235
25,5,0,3,234
25,6,0,3,234
25,7,0,3,234
25,8,0,3,234
25,9,0,3,234
25,10,0,3,234
25,11,0,3,234
25,12,0,3,233
25,13,0,3,233
25,14,0,3,233
25,15,0,3,233
25,16,0,3,233
25,17,0,3,232
25,18,0,3,232
25,19,0,3,232
25,20,0,3,232
25,21,0,3,232
25,22,0,3,231
25,23,0,3,231
25,24,0,3,231
25,25,0,3,231
25,26,0,3,231
25,27,0,3,230
25,28,0,3,230
25,29,0,3,230
25,30,0,3,230
25,31,0,3,230
25,32,0,3,230
25,33,0,3,229
25,34,0,3,229
25,35,0,3,229
25,36,0,3,229
25,37,0,3,229
25,38,0,3,229
25,39,0,3,229
25,40,0,3,229
25,41,0,3,229
25,42,0,3,229
25,43,0,3,229
25,44,0,3,229
25,45,0,3,229
25,46,0,3,229
25,47,0,3,229
25,48,0,3,229
25,49,0,3,229
25,50,0,3,229
25,51,0,3,229
25,52,0,3,229
25,53,0,3,229
25,54,0,3,229
25,55,1,3,229
25,56,1,3,230
25,57,1,3,230
25,58,1,3,230
25,59,1,3,230
25,60,1,3,230
25,61,1,3,230
25,62,1,3,231
25,63,1,3,231
25,64,1,3,231
25,65,1,3,231
25,66,1,3,231
25,67,1,3,232
25,68,1,3,232
25,69,1,3,232
25,70,1,3,232
25,71,1,3,232
25,72,1,3,232
25,73,1,3,233
25,74,1,3,233
25,75,1,3,233
25,76,1,3,233
25,77,1,3,233
25,78,1,3,233
25,79,1,3,233
25,80,1,3,234
25,81,1,3,234
25,82,1,3,234
25,83,1,3,234
25,84,1,3,234
25,85,1,3,234
25,86,1,3,234
25,87,1,3,234
25,88,1,3,234
25,89,1,3,234
25,90,1,3,234
25,91,1,3,234
25,92,1,3,234
25,93,1,3,234
25,94,1,3,234
25,95,1,3,234
25,96,1,3,234
25,97,1,3,234
25,98,0,3,234
25,99,0,3,233
25,100,0,3,233
25,101,0,3,233
25,102,0,3,233
25,103,0,3,233
25,104,0,3,233
25,105,0,3,233
25,106,0,3,233
25,107,0,3,232
25,108,0,3,232
25,109,0,3,232
25,110,0,3,232
25,111,0,3,232
25,112,0,3,232
25,113,0,3,231
25,114,0,3,231
25,115,0,3,231
25,116,0,3,231
25,117,0,3,231
25,118,0,3,231
25,119,0,3,231
25,120,0,3,230
25,121,0,3,230
25,122,0,3,230
25,123,0,3,230
25,124,0,3,230
25,125,0,3,230
25,126,0,3,230
25,127,0,3,230
25,128,0,3,230
25,129,0,3,230
25,130,0,3,230
25,131,0,3,229
25,132,0,3,229
25,133,0,3,229
25,134,0,3,229
25,135,0,3,229
25,136,0,3,229
25,137,0,3,229
25,138,1,3,229
25,139,1,3,230
25,140,1,3,230
25,141,1,3,230
25,142,1,3,230
25,143,1,3,230
25,144,1,3,230
25,145,1,3,230
25,146,1,3,230
25,147,1,3,230
25,148,1,3,230
25,149,1,3,230
25,150,1,3,231
25,151,1,3,231
25,152,1,3,231
25,153,1,3,231
25,154,1,3,231
25,155,1,3,231
25,156,1,3,231
25,157,1,3,231
25,158,1,3,232
25,159,1,3,232
25,160,1,3,232
25,161,1,3,232
25,162,1,3,232
25,163,1,3,232
25,164,1,3,232
25,165,1,3,232
25,166,1,3,233
25,167,1,3,233
25,168,1,3,233
25,169,1,3,233
25,170,1,3,233
25,171,1,3,233
25,172,1,3,233
25,173,1,3,233
25,174,1,3,233
25,175,1,3,233
25,176,1,3,233
25,177,1,3,233
25,178,1,3,233
25,179,1,3,233
25,180,1,3,233
25,181,1,3,233
25,182,1,3,233
25,183,1,3,233
25,184,1,3,233
25,185,1,3,233
25,186,1,3,233
25,187,1,3,233
25,188,1,3,233
25,189,1,3,233
25,190,1,3,233
25,191,1,3,233
25,192,1,3,233
25,193,0,3,233
25,194,0,3,232
25,195,0,3,232
25,196,0,3,232
25,197,0,3,232
25,198,0,3,232
25,199,0,3,232
25,200,0,3,232
25,201,0,3,232
25,202,0,3,232
25,203,0,3,231
25,204,0,3,231
25,205,0,3,231
25,206,0,3,231
25,207,0,3,231
25,208,0,3,231
25,209,0,3,231
25,210,0,3,231
25,211,0,3,231
25,212,0,3,231
25,213,0,3,231
25,214,0,3,230
25,215,0,3,230
25,216,0,3,230
25,217,0,3,230
25,218,0,3,230
25,219,0,3,230
25,220,0,3,230
25,221,0,3,230
25,222,0,3,230
25,223,0,3,230
25,224,0,3,230
25,225,0,3,230
25,226,0,3,230
25,227,0,3,230
25,228,0,3,230
25,229,0,3,230
25,230,0,3,230
25,231,0,3,230
25,232,0,3,230
25,233,0,3,230
25,234,1,3,230
25,235,1,3,231
25,236,1,3,231
25,237,1,3,231
25,238,1,3,231
25,239,1,3,231
25,240,1,3,231
25,241,1,3,231
25,242,1,3,231
25,243,1,3,231
25,244,1,3,231
25,245,1,3,231
25,246,1,3,231
25,247,1,3,232
25,248,1,3,232
25,249,1,3,232
25,250,1,3,232
25,251,1,3,232
25,252,1,3,232
25,253,1,3,232
25,254,1,3,232
25,255,1,3,232
26,0,1,3,232
26,1,1,3,232
26,2,1,3,232
26,3,1,3,232
26,4,1,3,232
26,5,1,3,232
26,6,1,3,232
26,7,1,3,233
26,8,1,3,233
26,9,1,3,233
26,10,1,3,233
26,11,1,3,233
26,12,1,3,233
26,13,1,3,233
26,14,1,3,233
26,15,1,3,233
26,16,1,3,233
26,17,1,3,233
26,18,0,3,232
26,19,0,3,232
26,20,0,3,232
26,21,0,3,232
26,22,0,3,232
26,23,0,3,232
26,24,0,3,232
26,25,0,3,232
26,26,0,3,232
26,27,0,3,232
26,28,0,3,232
26,29,0,3,232
26,30,0,3,232
26,31,0,3,232
26,32,0,3,232
26,33,0,3,232
26,34,0,3,232
26,35,0,3,232
26,36,0,3,232
26,37,0,3,231
26,38,0,3,231
26,39,0,3,231
26,40,0,3,231
26,41,0,3,231
26,42,0,3,231
26,43,0,3,231
26,44,0,3,231
26,45,0,3,231
26,46,0,3,231
26,47,0,3,231
26,48,0,3,231
26,49,0,3,231
26,50,0,3,231
26,51,0,3,231
26,52,0,3,231
26,53,0,3,231
26,54,0,3,231
26,55,0,3,231
26,56,0,3,231
26,57,0,3,231
26,58,0,3,231
26,59,0,3,231
26,60,0,3,231
26,61,0,3,231
26,62,0,3,231
26,63,0,3,231
26,64,0,3,231
26,65,0,3,231
26,66,0,3,231
26,67,0,3,231
26,68,0,3,231
26,69,0,3,231
26,70,0,3,231
26,71,0,3,231
26,72,0,3,231
26,73,0,3,231
26,74,0,3,231
26,75,0,3,231
26,76,0,3,231
26,77,0,3,231
26,78,0,3,231
26,79,1,3,231
26,80,1,3,232
26,81,1,3,232
26,82,1,3,232
26,83,1,3,232
26,84,1,3,232
26,85,1,3,232
26,86,1,3,232
26,87,1,3,232
26,88,1,3,232
26,89,1,3,232
26,90,1,3,232
26,91,1,3,232
26,92,1,3,232
26,93,1,3,232
26,94,1,3,232
26,95,1,3,232
26,96,1,3,232
26,97,1,3,232
26,98,1,3,232
26,99,1,3,232
26,100,1,3,232
26,101,1,3,232
26,102,1,3,232
26,103,1,3,232
26,104,1,3,232
26,105,1,3,232
26,106,1,3,232
26,107,1,3,232
26,108,1,3,232
26,109,1,3,232
26,110,1,3,232
26,111,1,3,232
26,112,1,3,232
26,113,1,3,232
26,114,1,3,232
26,115,1,3,232
26,116,1,3,232
26,117,1,3,232
26,118,1,3,232
26,119,1,3,232
26,120,1,3,232
26,121,1,3,232
26,122,1,3,232
26,123,1,3,232
26,124,1,3,232
26,125,1,3,232
26,126,1,3,232
26,127,1,3,232
26,128,1,3,232
26,129,0,3,232
26,130,0,3,231
26,131,0,3,231
26,132,0,3,231
26,133,0,3,231
26,134,0,3,231
26,135,0,3,231
26,136,0,3,231
26,137,0,3,231
26,138,0,3,231
26,139,0,3,231
26,140,0,3,231
26,141,0,3,231
26,142,0,3,231
26,143,0,3,231
26,144,0,3,231
26,145,0,3,231
26,146,0,3,231
26,147,0,3,231
26,148,0,3,231
26,149,0,3,231
26,150,0,3,231
26,151,0,3,231
26,152,0,3,231
26,153,0,3,231
26,154,0,3,231
26,155,0,3,231
26,156,0,3,231
26,157,0,3,231
26,158,0,3,231
26,159,0,3,231
26,160,0,3,231
26,161,0,3,231
26,162,0,3,231
26,163,0,3,231
26,164,0,3,231
26,165,0,3,231
26,166,0,3,231
26,167,0,3,231
26,168,0,3,231
26,169,0,3,231
26,170,0,3,231
26,171,0,3,231
26,172,0,3,231
26,173,0,3,231
26,174,0,3,231
26,175,0,3,231
26,176,0,3,231
26,177,0,3,231
26,178,0,3,231
26,179,0,3,231
26,180,0,3,231
26,181,0,3,231
26,182,0,3,231
26,183,0,3,231
26,184,0,3,231
26,185,0,3,231
26,186,0,3,231
26,187,0,3,231
26,188,0,3,231
26,189,0,3,231
26,190,0,3,231
26,191,0,3,231
26,192,0,3,231
26,193,0,3,231
26,194,0,3,231
26,195,0,3,231
26,196,0,3,231
26,197,0,3,231
26,198,0,3,231
26,199,0,3,231
26,200,0,3,231
26,201,0,3,231
26,202,0,3,231
26,203,0,3,231
26,204,0,3,231
26,205,0,3,231
26,206,0,3,231
26,207,0,3,231
26,208,0,3,231
26,209,0,3,231
26,210,0,3,231
26,211,0,3,231
26,212,0,3,231
26,213,0,3,231
26,214,0,3,231
26,215,0,3,231
26,216,0,3,231
26,217,0,3,231
26,218,0,3,231
26,219,0,3,231
26,220,0,3,231
26,221,0,3,231
26,222,0,3,231
26,223,0,3,231
26,224,0,3,231
26,225,0,3,231
26,226,0,3,231
26,227,0,3,231
26,228,0,3,231
26,229,0,3,231
26,230,0,3,231
26,231,0,3,231
26,232,0,3,231
26,233,0,3,231
26,234,0,3,231
26,235,0,3,231
26,236,0,3,231
26,237,0,3,231
26,238,0,3,231
26,239,0,3,231
26,240,0,3,231
26,241,0,3,231
26,242,0,3,231
26,243,0,3,231
26,244,0,3,231
26,245,0,3,231
26,246,0,3,231
26,247,0,3,231
26,248,0,3,231
26,249,0,3,231
26,250,0,3,231
26,251,0,3,231
26,252,0,3,231
26,253,0,3,231
26,254,0,3,231
26,255,0,3,231
27,0,0,3,231
27,1,0,3,231
27,2,0,3,231
27,3,0,3,231
27,4,0,3,231
27,5,0,3,231
27,6,0,3,231
27,7,0,3,231
27,8,0,3,231
27,9,0,3,231
27,10,0,3,231
27,11,0,3,231
27,12,0,3,231
27,13,0,3,231
27,14,0,3,231
27,15,0,3,231
27,16,0,3,231
27,17,0,3,231
27,18,0,3,231
27,19,0,3,231
27,20,0,3,231
27,21,0,3,231
27,22,0,3,231
27,23,0,3,231
27,24,0,3,231
27,25,0,3,231
27,26,0,3,231
27,27,0,3,231
27,28,0,3,231
27,29,0,3,231
27,30,0,3,231
27,31,0,3,231
27,32,0,3,231
27,33,0,3,231
27,34,0,3,231
27,35,0,3,231
27,36,0,3,231
27,37,0,3,231
27,38,0,3,231
27,39,0,3,231
27,40,0,3,231
27,41,0,3,231
27,42,0,3,231
27,43,0,3,231
27,44,0,3,231
27,45,0,3,231
27,46,0,3,231
27,47,0,3,231
27,48,0,3,231
27,49,0,3,231
27,50,0,3,231
27,51,0,3,231
27,52,0,3,231
27,53,0,3,231
27,54,0,3,231
27,55,0,3,231
27,56,0,3,231
27,57,0,3,231
27,58,0,3,231
27,59,0,3,231
27,60,0,3,231
27,61,0,3,231
27,62,0,3,231
27,63,0,3,231
27,64,0,3,231
27,65,0,3,231
27,66,0,3,231
27,67,0,3,231
27,68,0,3,231
27,69,0,3,231
27,70,0,3,231
27,71,0,3,231
27,72,0,3,231
27,73,0,3,231
27,74,0,3,231
27,75,0,3,231
27,76,0,3,231
27,77,0,3,231
27,78,0,3,231
27,79,0,3,231
27,80,0,3,231
27,81,0,3,231
27,82,0,3,231
27,83,0,3,231
27,84,0,3,231
27,85,0,3,231
27,86,0,3,231
27,87,0,3,231
27,88,0,3,231
27,89,0,3,231
27,90,0,3,231
27,91,0,3,231
27,92,0,3,231
27,93,0,3,231
27,94,0,3,231
27,95,0,3,231
27,96,0,3,231
27,97,0,3,231
27,98,0,3,231
27,99,0,3,231
27,100,0,3,231
27,101,0,3,231
27,102,0,3,231
27,103,0,3,231
27,104,0,3,231
27,105,0,3,231
27,106,0,3,231
27,107,0,3,231
27,108,0,3,231
27,109,0,3,231
27,110,0,3,231
27,111,0,3,231
27,112,0,3,231
27,113,0,3,231
27,114,0,3,231
27,115,0,3,231
27,116,0,3,231
27,117,0,3,231
27,118,0,3,231
27,119,0,3,231
27,120,0,3,231
27,121,0,3,231
27,122,0,3,231
27,123,0,3,231
27,124,0,3,231
27,125,0,3,231
27,126,0,3,231
27,127,0,3,231
27,128,0,3,231
27,129,0,3,231
27,130,0,3,231
27,131,0,3,231
27,132,0,3,231
27,133,0,3,231
27,134,0,3,231
27,135,0,3,231
27,136,0,3,231
27,137,0,3,231
27,138,0,3,231
27,139,0,3,231
27,140,0,3,231
27,141,0,3,231
27,142,0,3,231
27,143,0,3,231
27,144,0,3,231
27,145,0,3,231
27,146,0,3,231
27,147,0,3,231
27,148,0,3,231
27,149,0,3,231
27,150,0,3,231
27,151,0,3,231
27,152,0,3,231
27,153,0,3,231
27,154,0,3,231
27,155,0,3,231
27,156,0,3,231
27,157,0,3,231
27,158,0,3,231
27,159,0,3,231
